<?xml version="1.0" encoding="UTF-8"?>
<coverage generated="1776361977">
  <project timestamp="1776361977" name="Clover Coverage">
    <package name="App\Enums">
      <file name="/home/jhonny/Proyectos/laravel/finanzas-personales-filament/app/Enums/TagColor.php">
        <class name="App\Enums\TagColor" namespace="App\Enums">
          <metrics complexity="17" methods="3" coveredmethods="3" conditionals="0" coveredconditionals="0" statements="20" coveredstatements="20" elements="23" coveredelements="23"/>
        </class>
        <line num="27" type="method" name="getLabel" visibility="public" complexity="15" crap="15" count="2"/>
        <line num="29" type="stmt" count="2"/>
        <line num="30" type="stmt" count="2"/>
        <line num="31" type="stmt" count="2"/>
        <line num="32" type="stmt" count="2"/>
        <line num="33" type="stmt" count="2"/>
        <line num="34" type="stmt" count="2"/>
        <line num="35" type="stmt" count="2"/>
        <line num="36" type="stmt" count="2"/>
        <line num="37" type="stmt" count="2"/>
        <line num="38" type="stmt" count="2"/>
        <line num="39" type="stmt" count="2"/>
        <line num="40" type="stmt" count="2"/>
        <line num="41" type="stmt" count="2"/>
        <line num="42" type="stmt" count="2"/>
        <line num="43" type="stmt" count="2"/>
        <line num="44" type="stmt" count="2"/>
        <line num="47" type="method" name="getColor" visibility="public" complexity="1" crap="1" count="1"/>
        <line num="49" type="stmt" count="1"/>
        <line num="55" type="method" name="options" visibility="public" complexity="1" crap="1" count="1"/>
        <line num="57" type="stmt" count="1"/>
        <line num="58" type="stmt" count="1"/>
        <line num="59" type="stmt" count="1"/>
        <metrics loc="62" ncloc="59" classes="1" methods="3" coveredmethods="3" conditionals="0" coveredconditionals="0" statements="20" coveredstatements="20" elements="23" coveredelements="23"/>
      </file>
      <file name="/home/jhonny/Proyectos/laravel/finanzas-personales-filament/app/Enums/TransactionType.php">
        <class name="App\Enums\TransactionType" namespace="App\Enums">
          <metrics complexity="10" methods="4" coveredmethods="4" conditionals="0" coveredconditionals="0" statements="15" coveredstatements="15" elements="19" coveredelements="19"/>
        </class>
        <line num="16" type="method" name="getLabel" visibility="public" complexity="3" crap="3" count="7"/>
        <line num="18" type="stmt" count="7"/>
        <line num="19" type="stmt" count="7"/>
        <line num="20" type="stmt" count="7"/>
        <line num="21" type="stmt" count="7"/>
        <line num="24" type="method" name="getColor" visibility="public" complexity="3" crap="3" count="3"/>
        <line num="26" type="stmt" count="3"/>
        <line num="27" type="stmt" count="3"/>
        <line num="28" type="stmt" count="3"/>
        <line num="29" type="stmt" count="3"/>
        <line num="32" type="method" name="getIcon" visibility="public" complexity="3" crap="3" count="3"/>
        <line num="34" type="stmt" count="3"/>
        <line num="35" type="stmt" count="3"/>
        <line num="36" type="stmt" count="3"/>
        <line num="37" type="stmt" count="3"/>
        <line num="43" type="method" name="options" visibility="public" complexity="1" crap="1" count="5"/>
        <line num="45" type="stmt" count="5"/>
        <line num="46" type="stmt" count="5"/>
        <line num="47" type="stmt" count="5"/>
        <metrics loc="50" ncloc="47" classes="1" methods="4" coveredmethods="4" conditionals="0" coveredconditionals="0" statements="15" coveredstatements="15" elements="19" coveredelements="19"/>
      </file>
    </package>
    <package name="App\Filament\Pages\Auth">
      <file name="/home/jhonny/Proyectos/laravel/finanzas-personales-filament/app/Filament/Pages/Auth/EditProfile.php">
        <class name="App\Filament\Pages\Auth\EditProfile" namespace="App\Filament\Pages\Auth">
          <metrics complexity="7" methods="5" coveredmethods="0" conditionals="0" coveredconditionals="0" statements="44" coveredstatements="0" elements="49" coveredelements="0"/>
        </class>
        <line num="19" type="method" name="mount" visibility="public" complexity="2" crap="6" count="0"/>
        <line num="21" type="stmt" count="0"/>
        <line num="23" type="stmt" count="0"/>
        <line num="24" type="stmt" count="0"/>
        <line num="25" type="stmt" count="0"/>
        <line num="26" type="stmt" count="0"/>
        <line num="27" type="stmt" count="0"/>
        <line num="28" type="stmt" count="0"/>
        <line num="32" type="method" name="getPasswordFormComponent" visibility="protected" complexity="2" crap="6" count="0"/>
        <line num="34" type="stmt" count="0"/>
        <line num="35" type="stmt" count="0"/>
        <line num="36" type="stmt" count="0"/>
        <line num="37" type="stmt" count="0"/>
        <line num="38" type="stmt" count="0"/>
        <line num="39" type="stmt" count="0"/>
        <line num="40" type="stmt" count="0"/>
        <line num="41" type="stmt" count="0"/>
        <line num="44" type="method" name="getPasswordConfirmationFormComponent" visibility="protected" complexity="1" crap="2" count="0"/>
        <line num="46" type="stmt" count="0"/>
        <line num="47" type="stmt" count="0"/>
        <line num="53" type="method" name="getForms" visibility="protected" complexity="1" crap="2" count="0"/>
        <line num="55" type="stmt" count="0"/>
        <line num="56" type="stmt" count="0"/>
        <line num="57" type="stmt" count="0"/>
        <line num="58" type="stmt" count="0"/>
        <line num="59" type="stmt" count="0"/>
        <line num="60" type="stmt" count="0"/>
        <line num="61" type="stmt" count="0"/>
        <line num="62" type="stmt" count="0"/>
        <line num="63" type="stmt" count="0"/>
        <line num="64" type="stmt" count="0"/>
        <line num="65" type="stmt" count="0"/>
        <line num="66" type="stmt" count="0"/>
        <line num="67" type="stmt" count="0"/>
        <line num="68" type="stmt" count="0"/>
        <line num="69" type="stmt" count="0"/>
        <line num="70" type="stmt" count="0"/>
        <line num="71" type="stmt" count="0"/>
        <line num="72" type="stmt" count="0"/>
        <line num="73" type="stmt" count="0"/>
        <line num="74" type="stmt" count="0"/>
        <line num="77" type="method" name="unlinkGoogle" visibility="public" complexity="1" crap="2" count="0"/>
        <line num="79" type="stmt" count="0"/>
        <line num="80" type="stmt" count="0"/>
        <line num="82" type="stmt" count="0"/>
        <line num="83" type="stmt" count="0"/>
        <line num="84" type="stmt" count="0"/>
        <line num="85" type="stmt" count="0"/>
        <line num="87" type="stmt" count="0"/>
        <metrics loc="90" ncloc="87" classes="1" methods="5" coveredmethods="0" conditionals="0" coveredconditionals="0" statements="44" coveredstatements="0" elements="49" coveredelements="0"/>
      </file>
    </package>
    <package name="App\Filament\Resources">
      <file name="/home/jhonny/Proyectos/laravel/finanzas-personales-filament/app/Filament/Resources/FundOriginResource.php">
        <class name="App\Filament\Resources\FundOriginResource" namespace="App\Filament\Resources">
          <metrics complexity="11" methods="6" coveredmethods="4" conditionals="0" coveredconditionals="0" statements="60" coveredstatements="9" elements="66" coveredelements="13"/>
        </class>
        <line num="31" type="method" name="shouldRegisterNavigation" visibility="public" complexity="2" crap="2" count="2"/>
        <line num="33" type="stmt" count="2"/>
        <line num="36" type="method" name="getEloquentQuery" visibility="public" complexity="3" crap="3" count="2"/>
        <line num="38" type="stmt" count="2"/>
        <line num="40" type="stmt" count="2"/>
        <line num="41" type="stmt" count="1"/>
        <line num="44" type="stmt" count="1"/>
        <line num="47" type="method" name="form" visibility="public" complexity="1" crap="2" count="0"/>
        <line num="49" type="stmt" count="0"/>
        <line num="50" type="stmt" count="0"/>
        <line num="51" type="stmt" count="0"/>
        <line num="52" type="stmt" count="0"/>
        <line num="53" type="stmt" count="0"/>
        <line num="54" type="stmt" count="0"/>
        <line num="55" type="stmt" count="0"/>
        <line num="56" type="stmt" count="0"/>
        <line num="57" type="stmt" count="0"/>
        <line num="58" type="stmt" count="0"/>
        <line num="59" type="stmt" count="0"/>
        <line num="60" type="stmt" count="0"/>
        <line num="61" type="stmt" count="0"/>
        <line num="62" type="stmt" count="0"/>
        <line num="63" type="stmt" count="0"/>
        <line num="64" type="stmt" count="0"/>
        <line num="65" type="stmt" count="0"/>
        <line num="66" type="stmt" count="0"/>
        <line num="67" type="stmt" count="0"/>
        <line num="68" type="stmt" count="0"/>
        <line num="69" type="stmt" count="0"/>
        <line num="70" type="stmt" count="0"/>
        <line num="71" type="stmt" count="0"/>
        <line num="74" type="method" name="table" visibility="public" complexity="3" crap="12" count="0"/>
        <line num="76" type="stmt" count="0"/>
        <line num="77" type="stmt" count="0"/>
        <line num="78" type="stmt" count="0"/>
        <line num="79" type="stmt" count="0"/>
        <line num="80" type="stmt" count="0"/>
        <line num="81" type="stmt" count="0"/>
        <line num="82" type="stmt" count="0"/>
        <line num="83" type="stmt" count="0"/>
        <line num="84" type="stmt" count="0"/>
        <line num="85" type="stmt" count="0"/>
        <line num="86" type="stmt" count="0"/>
        <line num="87" type="stmt" count="0"/>
        <line num="88" type="stmt" count="0"/>
        <line num="89" type="stmt" count="0"/>
        <line num="90" type="stmt" count="0"/>
        <line num="91" type="stmt" count="0"/>
        <line num="92" type="stmt" count="0"/>
        <line num="93" type="stmt" count="0"/>
        <line num="94" type="stmt" count="0"/>
        <line num="95" type="stmt" count="0"/>
        <line num="96" type="stmt" count="0"/>
        <line num="97" type="stmt" count="0"/>
        <line num="98" type="stmt" count="0"/>
        <line num="99" type="stmt" count="0"/>
        <line num="100" type="stmt" count="0"/>
        <line num="101" type="stmt" count="0"/>
        <line num="102" type="stmt" count="0"/>
        <line num="103" type="stmt" count="0"/>
        <line num="106" type="method" name="getRelations" visibility="public" complexity="1" crap="1" count="82"/>
        <line num="108" type="stmt" count="82"/>
        <line num="111" type="method" name="getPages" visibility="public" complexity="1" crap="1" count="82"/>
        <line num="113" type="stmt" count="82"/>
        <line num="114" type="stmt" count="82"/>
        <line num="115" type="stmt" count="82"/>
        <metrics loc="118" ncloc="118" classes="1" methods="6" coveredmethods="4" conditionals="0" coveredconditionals="0" statements="60" coveredstatements="9" elements="66" coveredelements="13"/>
      </file>
      <file name="/home/jhonny/Proyectos/laravel/finanzas-personales-filament/app/Filament/Resources/TagResource.php">
        <class name="App\Filament\Resources\TagResource" namespace="App\Filament\Resources">
          <metrics complexity="10" methods="4" coveredmethods="1" conditionals="0" coveredconditionals="0" statements="85" coveredstatements="3" elements="89" coveredelements="4"/>
        </class>
        <line num="29" type="method" name="getEloquentQuery" visibility="public" complexity="2" crap="6" count="0"/>
        <line num="31" type="stmt" count="0"/>
        <line num="34" type="stmt" count="0"/>
        <line num="35" type="stmt" count="0"/>
        <line num="38" type="stmt" count="0"/>
        <line num="41" type="method" name="form" visibility="public" complexity="4" crap="20" count="0"/>
        <line num="43" type="stmt" count="0"/>
        <line num="44" type="stmt" count="0"/>
        <line num="45" type="stmt" count="0"/>
        <line num="46" type="stmt" count="0"/>
        <line num="47" type="stmt" count="0"/>
        <line num="48" type="stmt" count="0"/>
        <line num="49" type="stmt" count="0"/>
        <line num="50" type="stmt" count="0"/>
        <line num="51" type="stmt" count="0"/>
        <line num="52" type="stmt" count="0"/>
        <line num="53" type="stmt" count="0"/>
        <line num="54" type="stmt" count="0"/>
        <line num="55" type="stmt" count="0"/>
        <line num="56" type="stmt" count="0"/>
        <line num="57" type="stmt" count="0"/>
        <line num="58" type="stmt" count="0"/>
        <line num="59" type="stmt" count="0"/>
        <line num="60" type="stmt" count="0"/>
        <line num="61" type="stmt" count="0"/>
        <line num="62" type="stmt" count="0"/>
        <line num="63" type="stmt" count="0"/>
        <line num="64" type="stmt" count="0"/>
        <line num="65" type="stmt" count="0"/>
        <line num="67" type="stmt" count="0"/>
        <line num="68" type="stmt" count="0"/>
        <line num="69" type="stmt" count="0"/>
        <line num="70" type="stmt" count="0"/>
        <line num="72" type="stmt" count="0"/>
        <line num="73" type="stmt" count="0"/>
        <line num="77" type="stmt" count="0"/>
        <line num="78" type="stmt" count="0"/>
        <line num="79" type="stmt" count="0"/>
        <line num="82" type="method" name="table" visibility="public" complexity="3" crap="12" count="0"/>
        <line num="84" type="stmt" count="0"/>
        <line num="85" type="stmt" count="0"/>
        <line num="86" type="stmt" count="0"/>
        <line num="87" type="stmt" count="0"/>
        <line num="88" type="stmt" count="0"/>
        <line num="89" type="stmt" count="0"/>
        <line num="90" type="stmt" count="0"/>
        <line num="91" type="stmt" count="0"/>
        <line num="92" type="stmt" count="0"/>
        <line num="93" type="stmt" count="0"/>
        <line num="94" type="stmt" count="0"/>
        <line num="95" type="stmt" count="0"/>
        <line num="96" type="stmt" count="0"/>
        <line num="97" type="stmt" count="0"/>
        <line num="98" type="stmt" count="0"/>
        <line num="99" type="stmt" count="0"/>
        <line num="100" type="stmt" count="0"/>
        <line num="101" type="stmt" count="0"/>
        <line num="102" type="stmt" count="0"/>
        <line num="103" type="stmt" count="0"/>
        <line num="104" type="stmt" count="0"/>
        <line num="105" type="stmt" count="0"/>
        <line num="106" type="stmt" count="0"/>
        <line num="107" type="stmt" count="0"/>
        <line num="108" type="stmt" count="0"/>
        <line num="109" type="stmt" count="0"/>
        <line num="110" type="stmt" count="0"/>
        <line num="111" type="stmt" count="0"/>
        <line num="112" type="stmt" count="0"/>
        <line num="113" type="stmt" count="0"/>
        <line num="114" type="stmt" count="0"/>
        <line num="115" type="stmt" count="0"/>
        <line num="116" type="stmt" count="0"/>
        <line num="117" type="stmt" count="0"/>
        <line num="118" type="stmt" count="0"/>
        <line num="119" type="stmt" count="0"/>
        <line num="120" type="stmt" count="0"/>
        <line num="121" type="stmt" count="0"/>
        <line num="122" type="stmt" count="0"/>
        <line num="123" type="stmt" count="0"/>
        <line num="124" type="stmt" count="0"/>
        <line num="125" type="stmt" count="0"/>
        <line num="126" type="stmt" count="0"/>
        <line num="127" type="stmt" count="0"/>
        <line num="128" type="stmt" count="0"/>
        <line num="129" type="stmt" count="0"/>
        <line num="132" type="method" name="getPages" visibility="public" complexity="1" crap="1" count="82"/>
        <line num="134" type="stmt" count="82"/>
        <line num="135" type="stmt" count="82"/>
        <line num="136" type="stmt" count="82"/>
        <metrics loc="139" ncloc="136" classes="1" methods="4" coveredmethods="1" conditionals="0" coveredconditionals="0" statements="85" coveredstatements="3" elements="89" coveredelements="4"/>
      </file>
      <file name="/home/jhonny/Proyectos/laravel/finanzas-personales-filament/app/Filament/Resources/TransactionResource.php">
        <class name="App\Filament\Resources\TransactionResource" namespace="App\Filament\Resources">
          <metrics complexity="12" methods="7" coveredmethods="5" conditionals="0" coveredconditionals="0" statements="185" coveredstatements="123" elements="192" coveredelements="128"/>
        </class>
        <line num="36" type="method" name="shouldRegisterNavigation" visibility="public" complexity="2" crap="2" count="2"/>
        <line num="39" type="stmt" count="2"/>
        <line num="42" type="method" name="getEloquentQuery" visibility="public" complexity="3" crap="3" count="7"/>
        <line num="44" type="stmt" count="7"/>
        <line num="48" type="stmt" count="7"/>
        <line num="49" type="stmt" count="1"/>
        <line num="52" type="stmt" count="6"/>
        <line num="54" type="stmt" count="6"/>
        <line num="57" type="method" name="form" visibility="public" complexity="1" crap="2" count="0"/>
        <line num="59" type="stmt" count="0"/>
        <line num="60" type="stmt" count="0"/>
        <line num="61" type="stmt" count="0"/>
        <line num="62" type="stmt" count="0"/>
        <line num="63" type="stmt" count="0"/>
        <line num="64" type="stmt" count="0"/>
        <line num="65" type="stmt" count="0"/>
        <line num="66" type="stmt" count="0"/>
        <line num="67" type="stmt" count="0"/>
        <line num="68" type="stmt" count="0"/>
        <line num="69" type="stmt" count="0"/>
        <line num="70" type="stmt" count="0"/>
        <line num="71" type="stmt" count="0"/>
        <line num="72" type="stmt" count="0"/>
        <line num="73" type="stmt" count="0"/>
        <line num="74" type="stmt" count="0"/>
        <line num="75" type="stmt" count="0"/>
        <line num="76" type="stmt" count="0"/>
        <line num="77" type="stmt" count="0"/>
        <line num="78" type="stmt" count="0"/>
        <line num="79" type="stmt" count="0"/>
        <line num="80" type="stmt" count="0"/>
        <line num="81" type="stmt" count="0"/>
        <line num="82" type="stmt" count="0"/>
        <line num="83" type="stmt" count="0"/>
        <line num="84" type="stmt" count="0"/>
        <line num="85" type="stmt" count="0"/>
        <line num="86" type="stmt" count="0"/>
        <line num="87" type="stmt" count="0"/>
        <line num="88" type="stmt" count="0"/>
        <line num="89" type="stmt" count="0"/>
        <line num="90" type="stmt" count="0"/>
        <line num="91" type="stmt" count="0"/>
        <line num="92" type="stmt" count="0"/>
        <line num="93" type="stmt" count="0"/>
        <line num="94" type="stmt" count="0"/>
        <line num="95" type="stmt" count="0"/>
        <line num="96" type="stmt" count="0"/>
        <line num="97" type="stmt" count="0"/>
        <line num="98" type="stmt" count="0"/>
        <line num="99" type="stmt" count="0"/>
        <line num="100" type="stmt" count="0"/>
        <line num="101" type="stmt" count="0"/>
        <line num="102" type="stmt" count="0"/>
        <line num="103" type="stmt" count="0"/>
        <line num="104" type="stmt" count="0"/>
        <line num="105" type="stmt" count="0"/>
        <line num="106" type="stmt" count="0"/>
        <line num="107" type="stmt" count="0"/>
        <line num="108" type="stmt" count="0"/>
        <line num="109" type="stmt" count="0"/>
        <line num="110" type="stmt" count="0"/>
        <line num="111" type="stmt" count="0"/>
        <line num="112" type="stmt" count="0"/>
        <line num="113" type="stmt" count="0"/>
        <line num="114" type="stmt" count="0"/>
        <line num="115" type="stmt" count="0"/>
        <line num="116" type="stmt" count="0"/>
        <line num="117" type="stmt" count="0"/>
        <line num="118" type="stmt" count="0"/>
        <line num="119" type="stmt" count="0"/>
        <line num="122" type="method" name="table" visibility="public" complexity="2" crap="2" count="4"/>
        <line num="124" type="stmt" count="4"/>
        <line num="125" type="stmt" count="4"/>
        <line num="126" type="stmt" count="4"/>
        <line num="127" type="stmt" count="4"/>
        <line num="128" type="stmt" count="4"/>
        <line num="129" type="stmt" count="4"/>
        <line num="130" type="stmt" count="4"/>
        <line num="131" type="stmt" count="4"/>
        <line num="132" type="stmt" count="4"/>
        <line num="133" type="stmt" count="4"/>
        <line num="134" type="stmt" count="4"/>
        <line num="135" type="stmt" count="4"/>
        <line num="136" type="stmt" count="4"/>
        <line num="137" type="stmt" count="4"/>
        <line num="138" type="stmt" count="4"/>
        <line num="139" type="stmt" count="4"/>
        <line num="140" type="stmt" count="4"/>
        <line num="141" type="stmt" count="4"/>
        <line num="142" type="stmt" count="4"/>
        <line num="143" type="stmt" count="4"/>
        <line num="144" type="stmt" count="4"/>
        <line num="145" type="stmt" count="4"/>
        <line num="146" type="stmt" count="4"/>
        <line num="147" type="stmt" count="4"/>
        <line num="148" type="stmt" count="4"/>
        <line num="149" type="stmt" count="4"/>
        <line num="150" type="stmt" count="4"/>
        <line num="151" type="stmt" count="4"/>
        <line num="152" type="stmt" count="4"/>
        <line num="153" type="stmt" count="4"/>
        <line num="154" type="stmt" count="4"/>
        <line num="155" type="stmt" count="4"/>
        <line num="156" type="stmt" count="4"/>
        <line num="157" type="stmt" count="4"/>
        <line num="158" type="stmt" count="4"/>
        <line num="160" type="stmt" count="4"/>
        <line num="161" type="stmt" count="0"/>
        <line num="164" type="stmt" count="4"/>
        <line num="165" type="stmt" count="4"/>
        <line num="169" type="stmt" count="4"/>
        <line num="170" type="stmt" count="4"/>
        <line num="171" type="stmt" count="4"/>
        <line num="172" type="stmt" count="4"/>
        <line num="173" type="stmt" count="4"/>
        <line num="174" type="stmt" count="4"/>
        <line num="175" type="stmt" count="4"/>
        <line num="176" type="stmt" count="4"/>
        <line num="177" type="stmt" count="4"/>
        <line num="178" type="stmt" count="4"/>
        <line num="179" type="stmt" count="4"/>
        <line num="180" type="stmt" count="4"/>
        <line num="181" type="stmt" count="4"/>
        <line num="182" type="stmt" count="4"/>
        <line num="183" type="stmt" count="4"/>
        <line num="184" type="stmt" count="4"/>
        <line num="185" type="stmt" count="4"/>
        <line num="186" type="stmt" count="4"/>
        <line num="187" type="stmt" count="4"/>
        <line num="188" type="stmt" count="4"/>
        <line num="189" type="stmt" count="4"/>
        <line num="190" type="stmt" count="4"/>
        <line num="191" type="stmt" count="4"/>
        <line num="192" type="stmt" count="4"/>
        <line num="193" type="stmt" count="4"/>
        <line num="194" type="stmt" count="4"/>
        <line num="195" type="stmt" count="4"/>
        <line num="196" type="stmt" count="4"/>
        <line num="197" type="stmt" count="4"/>
        <line num="198" type="stmt" count="4"/>
        <line num="199" type="stmt" count="4"/>
        <line num="200" type="stmt" count="4"/>
        <line num="201" type="stmt" count="4"/>
        <line num="202" type="stmt" count="4"/>
        <line num="203" type="stmt" count="4"/>
        <line num="204" type="stmt" count="4"/>
        <line num="205" type="stmt" count="4"/>
        <line num="206" type="stmt" count="4"/>
        <line num="207" type="stmt" count="4"/>
        <line num="208" type="stmt" count="4"/>
        <line num="209" type="stmt" count="4"/>
        <line num="210" type="stmt" count="4"/>
        <line num="211" type="stmt" count="4"/>
        <line num="212" type="stmt" count="4"/>
        <line num="213" type="stmt" count="1"/>
        <line num="214" type="stmt" count="1"/>
        <line num="215" type="stmt" count="1"/>
        <line num="216" type="stmt" count="1"/>
        <line num="218" type="stmt" count="1"/>
        <line num="219" type="stmt" count="1"/>
        <line num="220" type="stmt" count="1"/>
        <line num="221" type="stmt" count="1"/>
        <line num="222" type="stmt" count="1"/>
        <line num="223" type="stmt" count="4"/>
        <line num="224" type="stmt" count="4"/>
        <line num="225" type="stmt" count="4"/>
        <line num="226" type="stmt" count="4"/>
        <line num="227" type="stmt" count="4"/>
        <line num="228" type="stmt" count="4"/>
        <line num="229" type="stmt" count="4"/>
        <line num="230" type="stmt" count="4"/>
        <line num="231" type="stmt" count="4"/>
        <line num="232" type="stmt" count="4"/>
        <line num="238" type="method" name="getMonthFilterOptions" visibility="protected" complexity="2" crap="2" count="4"/>
        <line num="240" type="stmt" count="4"/>
        <line num="242" type="stmt" count="4"/>
        <line num="244" type="stmt" count="4"/>
        <line num="245" type="stmt" count="4"/>
        <line num="246" type="stmt" count="4"/>
        <line num="248" type="stmt" count="4"/>
        <line num="250" type="stmt" count="4"/>
        <line num="253" type="stmt" count="4"/>
        <line num="256" type="method" name="getRelations" visibility="public" complexity="1" crap="1" count="82"/>
        <line num="258" type="stmt" count="82"/>
        <line num="259" type="stmt" count="82"/>
        <line num="260" type="stmt" count="82"/>
        <line num="263" type="method" name="getPages" visibility="public" complexity="1" crap="1" count="82"/>
        <line num="265" type="stmt" count="82"/>
        <line num="266" type="stmt" count="82"/>
        <line num="267" type="stmt" count="82"/>
        <line num="268" type="stmt" count="82"/>
        <line num="269" type="stmt" count="82"/>
        <metrics loc="272" ncloc="263" classes="1" methods="7" coveredmethods="5" conditionals="0" coveredconditionals="0" statements="185" coveredstatements="123" elements="192" coveredelements="128"/>
      </file>
      <file name="/home/jhonny/Proyectos/laravel/finanzas-personales-filament/app/Filament/Resources/UserResource.php">
        <class name="App\Filament\Resources\UserResource" namespace="App\Filament\Resources">
          <metrics complexity="10" methods="5" coveredmethods="2" conditionals="0" coveredconditionals="0" statements="142" coveredstatements="8" elements="147" coveredelements="10"/>
        </class>
        <line num="33" type="method" name="getEloquentQuery" visibility="public" complexity="3" crap="12" count="0"/>
        <line num="35" type="stmt" count="0"/>
        <line num="37" type="stmt" count="0"/>
        <line num="38" type="stmt" count="0"/>
        <line num="41" type="stmt" count="0"/>
        <line num="44" type="method" name="form" visibility="public" complexity="2" crap="6" count="0"/>
        <line num="46" type="stmt" count="0"/>
        <line num="47" type="stmt" count="0"/>
        <line num="48" type="stmt" count="0"/>
        <line num="49" type="stmt" count="0"/>
        <line num="50" type="stmt" count="0"/>
        <line num="51" type="stmt" count="0"/>
        <line num="52" type="stmt" count="0"/>
        <line num="53" type="stmt" count="0"/>
        <line num="54" type="stmt" count="0"/>
        <line num="55" type="stmt" count="0"/>
        <line num="56" type="stmt" count="0"/>
        <line num="57" type="stmt" count="0"/>
        <line num="58" type="stmt" count="0"/>
        <line num="59" type="stmt" count="0"/>
        <line num="60" type="stmt" count="0"/>
        <line num="61" type="stmt" count="0"/>
        <line num="62" type="stmt" count="0"/>
        <line num="63" type="stmt" count="0"/>
        <line num="64" type="stmt" count="0"/>
        <line num="65" type="stmt" count="0"/>
        <line num="66" type="stmt" count="0"/>
        <line num="67" type="stmt" count="0"/>
        <line num="68" type="stmt" count="0"/>
        <line num="69" type="stmt" count="0"/>
        <line num="70" type="stmt" count="0"/>
        <line num="71" type="stmt" count="0"/>
        <line num="72" type="stmt" count="0"/>
        <line num="75" type="method" name="table" visibility="public" complexity="3" crap="12" count="0"/>
        <line num="77" type="stmt" count="0"/>
        <line num="78" type="stmt" count="0"/>
        <line num="79" type="stmt" count="0"/>
        <line num="80" type="stmt" count="0"/>
        <line num="81" type="stmt" count="0"/>
        <line num="82" type="stmt" count="0"/>
        <line num="83" type="stmt" count="0"/>
        <line num="84" type="stmt" count="0"/>
        <line num="85" type="stmt" count="0"/>
        <line num="86" type="stmt" count="0"/>
        <line num="87" type="stmt" count="0"/>
        <line num="88" type="stmt" count="0"/>
        <line num="89" type="stmt" count="0"/>
        <line num="90" type="stmt" count="0"/>
        <line num="91" type="stmt" count="0"/>
        <line num="92" type="stmt" count="0"/>
        <line num="93" type="stmt" count="0"/>
        <line num="94" type="stmt" count="0"/>
        <line num="95" type="stmt" count="0"/>
        <line num="96" type="stmt" count="0"/>
        <line num="97" type="stmt" count="0"/>
        <line num="98" type="stmt" count="0"/>
        <line num="99" type="stmt" count="0"/>
        <line num="100" type="stmt" count="0"/>
        <line num="101" type="stmt" count="0"/>
        <line num="102" type="stmt" count="0"/>
        <line num="103" type="stmt" count="0"/>
        <line num="104" type="stmt" count="0"/>
        <line num="105" type="stmt" count="0"/>
        <line num="106" type="stmt" count="0"/>
        <line num="107" type="stmt" count="0"/>
        <line num="108" type="stmt" count="0"/>
        <line num="109" type="stmt" count="0"/>
        <line num="110" type="stmt" count="0"/>
        <line num="111" type="stmt" count="0"/>
        <line num="112" type="stmt" count="0"/>
        <line num="113" type="stmt" count="0"/>
        <line num="114" type="stmt" count="0"/>
        <line num="115" type="stmt" count="0"/>
        <line num="116" type="stmt" count="0"/>
        <line num="117" type="stmt" count="0"/>
        <line num="118" type="stmt" count="0"/>
        <line num="119" type="stmt" count="0"/>
        <line num="120" type="stmt" count="0"/>
        <line num="121" type="stmt" count="0"/>
        <line num="122" type="stmt" count="0"/>
        <line num="123" type="stmt" count="0"/>
        <line num="124" type="stmt" count="0"/>
        <line num="125" type="stmt" count="0"/>
        <line num="126" type="stmt" count="0"/>
        <line num="127" type="stmt" count="0"/>
        <line num="128" type="stmt" count="0"/>
        <line num="129" type="stmt" count="0"/>
        <line num="130" type="stmt" count="0"/>
        <line num="131" type="stmt" count="0"/>
        <line num="132" type="stmt" count="0"/>
        <line num="133" type="stmt" count="0"/>
        <line num="134" type="stmt" count="0"/>
        <line num="135" type="stmt" count="0"/>
        <line num="136" type="stmt" count="0"/>
        <line num="137" type="stmt" count="0"/>
        <line num="138" type="stmt" count="0"/>
        <line num="139" type="stmt" count="0"/>
        <line num="140" type="stmt" count="0"/>
        <line num="141" type="stmt" count="0"/>
        <line num="142" type="stmt" count="0"/>
        <line num="143" type="stmt" count="0"/>
        <line num="144" type="stmt" count="0"/>
        <line num="145" type="stmt" count="0"/>
        <line num="146" type="stmt" count="0"/>
        <line num="147" type="stmt" count="0"/>
        <line num="148" type="stmt" count="0"/>
        <line num="149" type="stmt" count="0"/>
        <line num="150" type="stmt" count="0"/>
        <line num="151" type="stmt" count="0"/>
        <line num="152" type="stmt" count="0"/>
        <line num="153" type="stmt" count="0"/>
        <line num="154" type="stmt" count="0"/>
        <line num="155" type="stmt" count="0"/>
        <line num="156" type="stmt" count="0"/>
        <line num="157" type="stmt" count="0"/>
        <line num="158" type="stmt" count="0"/>
        <line num="159" type="stmt" count="0"/>
        <line num="160" type="stmt" count="0"/>
        <line num="161" type="stmt" count="0"/>
        <line num="162" type="stmt" count="0"/>
        <line num="163" type="stmt" count="0"/>
        <line num="164" type="stmt" count="0"/>
        <line num="165" type="stmt" count="0"/>
        <line num="166" type="stmt" count="0"/>
        <line num="167" type="stmt" count="0"/>
        <line num="168" type="stmt" count="0"/>
        <line num="169" type="stmt" count="0"/>
        <line num="170" type="stmt" count="0"/>
        <line num="171" type="stmt" count="0"/>
        <line num="172" type="stmt" count="0"/>
        <line num="173" type="stmt" count="0"/>
        <line num="174" type="stmt" count="0"/>
        <line num="175" type="stmt" count="0"/>
        <line num="176" type="stmt" count="0"/>
        <line num="177" type="stmt" count="0"/>
        <line num="178" type="stmt" count="0"/>
        <line num="179" type="stmt" count="0"/>
        <line num="182" type="method" name="getRelations" visibility="public" complexity="1" crap="1" count="82"/>
        <line num="184" type="stmt" count="82"/>
        <line num="185" type="stmt" count="82"/>
        <line num="186" type="stmt" count="82"/>
        <line num="189" type="method" name="getPages" visibility="public" complexity="1" crap="1" count="82"/>
        <line num="191" type="stmt" count="82"/>
        <line num="192" type="stmt" count="82"/>
        <line num="193" type="stmt" count="82"/>
        <line num="194" type="stmt" count="82"/>
        <line num="195" type="stmt" count="82"/>
        <metrics loc="198" ncloc="198" classes="1" methods="5" coveredmethods="2" conditionals="0" coveredconditionals="0" statements="142" coveredstatements="8" elements="147" coveredelements="10"/>
      </file>
    </package>
    <package name="App\Filament\Resources\FundOriginResource\Pages">
      <file name="/home/jhonny/Proyectos/laravel/finanzas-personales-filament/app/Filament/Resources/FundOriginResource/Pages/ManageFundOrigins.php">
        <class name="App\Filament\Resources\FundOriginResource\Pages\ManageFundOrigins" namespace="App\Filament\Resources\FundOriginResource\Pages">
          <metrics complexity="9" methods="9" coveredmethods="0" conditionals="0" coveredconditionals="0" statements="28" coveredstatements="0" elements="37" coveredelements="0"/>
        </class>
        <line num="28" type="method" name="getHeaderActions" visibility="protected" complexity="1" crap="2" count="0"/>
        <line num="30" type="stmt" count="0"/>
        <line num="31" type="stmt" count="0"/>
        <line num="32" type="stmt" count="0"/>
        <line num="35" type="method" name="refreshTableAfterCapitalVisibilityToggle" visibility="public" complexity="1" crap="2" count="0"/>
        <line num="39" type="stmt" count="0"/>
        <line num="41" type="method" name="reorderTable" visibility="public" complexity="1" crap="2" count="0"/>
        <line num="43" type="stmt" count="0"/>
        <line num="45" type="stmt" count="0"/>
        <line num="48" type="method" name="configureCreateAction" visibility="protected" complexity="1" crap="2" count="0"/>
        <line num="50" type="stmt" count="0"/>
        <line num="52" type="stmt" count="0"/>
        <line num="53" type="stmt" count="0"/>
        <line num="54" type="stmt" count="0"/>
        <line num="57" type="method" name="configureEditAction" visibility="protected" complexity="1" crap="2" count="0"/>
        <line num="59" type="stmt" count="0"/>
        <line num="61" type="stmt" count="0"/>
        <line num="62" type="stmt" count="0"/>
        <line num="63" type="stmt" count="0"/>
        <line num="66" type="method" name="configureDeleteAction" visibility="protected" complexity="1" crap="2" count="0"/>
        <line num="68" type="stmt" count="0"/>
        <line num="70" type="stmt" count="0"/>
        <line num="71" type="stmt" count="0"/>
        <line num="72" type="stmt" count="0"/>
        <line num="75" type="method" name="configureDeleteBulkAction" visibility="protected" complexity="1" crap="2" count="0"/>
        <line num="77" type="stmt" count="0"/>
        <line num="79" type="stmt" count="0"/>
        <line num="80" type="stmt" count="0"/>
        <line num="81" type="stmt" count="0"/>
        <line num="84" type="method" name="captureSnapshotAndNotifyFundOriginWidgetsDataChanged" visibility="private" complexity="1" crap="2" count="0"/>
        <line num="86" type="stmt" count="0"/>
        <line num="88" type="stmt" count="0"/>
        <line num="91" type="method" name="notifyFundOriginWidgetsDataChanged" visibility="private" complexity="1" crap="2" count="0"/>
        <line num="93" type="stmt" count="0"/>
        <line num="95" type="stmt" count="0"/>
        <line num="96" type="stmt" count="0"/>
        <line num="97" type="stmt" count="0"/>
        <metrics loc="100" ncloc="99" classes="1" methods="9" coveredmethods="0" conditionals="0" coveredconditionals="0" statements="28" coveredstatements="0" elements="37" coveredelements="0"/>
      </file>
    </package>
    <package name="App\Filament\Resources\TagResource\Pages">
      <file name="/home/jhonny/Proyectos/laravel/finanzas-personales-filament/app/Filament/Resources/TagResource/Pages/ManageTags.php">
        <class name="App\Filament\Resources\TagResource\Pages\ManageTags" namespace="App\Filament\Resources\TagResource\Pages">
          <metrics complexity="1" methods="1" coveredmethods="0" conditionals="0" coveredconditionals="0" statements="3" coveredstatements="0" elements="4" coveredelements="0"/>
        </class>
        <line num="15" type="method" name="getHeaderActions" visibility="protected" complexity="1" crap="2" count="0"/>
        <line num="17" type="stmt" count="0"/>
        <line num="18" type="stmt" count="0"/>
        <line num="19" type="stmt" count="0"/>
        <metrics loc="22" ncloc="22" classes="1" methods="1" coveredmethods="0" conditionals="0" coveredconditionals="0" statements="3" coveredstatements="0" elements="4" coveredelements="0"/>
      </file>
    </package>
    <package name="App\Filament\Resources\TransactionResource\Pages">
      <file name="/home/jhonny/Proyectos/laravel/finanzas-personales-filament/app/Filament/Resources/TransactionResource/Pages/CreateTransaction.php">
        <class name="App\Filament\Resources\TransactionResource\Pages\CreateTransaction" namespace="App\Filament\Resources\TransactionResource\Pages">
          <metrics complexity="1" methods="1" coveredmethods="0" conditionals="0" coveredconditionals="0" statements="2" coveredstatements="0" elements="3" coveredelements="0"/>
        </class>
        <line num="15" type="method" name="mutateFormDataBeforeCreate" visibility="protected" complexity="1" crap="2" count="0"/>
        <line num="18" type="stmt" count="0"/>
        <line num="20" type="stmt" count="0"/>
        <metrics loc="23" ncloc="22" classes="1" methods="1" coveredmethods="0" conditionals="0" coveredconditionals="0" statements="2" coveredstatements="0" elements="3" coveredelements="0"/>
      </file>
      <file name="/home/jhonny/Proyectos/laravel/finanzas-personales-filament/app/Filament/Resources/TransactionResource/Pages/EditTransaction.php">
        <class name="App\Filament\Resources\TransactionResource\Pages\EditTransaction" namespace="App\Filament\Resources\TransactionResource\Pages">
          <metrics complexity="2" methods="2" coveredmethods="0" conditionals="0" coveredconditionals="0" statements="5" coveredstatements="0" elements="7" coveredelements="0"/>
        </class>
        <line num="15" type="method" name="mutateFormDataBeforeSave" visibility="protected" complexity="1" crap="2" count="0"/>
        <line num="18" type="stmt" count="0"/>
        <line num="20" type="stmt" count="0"/>
        <line num="23" type="method" name="getHeaderActions" visibility="protected" complexity="1" crap="2" count="0"/>
        <line num="25" type="stmt" count="0"/>
        <line num="26" type="stmt" count="0"/>
        <line num="27" type="stmt" count="0"/>
        <metrics loc="30" ncloc="29" classes="1" methods="2" coveredmethods="0" conditionals="0" coveredconditionals="0" statements="5" coveredstatements="0" elements="7" coveredelements="0"/>
      </file>
      <file name="/home/jhonny/Proyectos/laravel/finanzas-personales-filament/app/Filament/Resources/TransactionResource/Pages/ListTransactions.php">
        <class name="App\Filament\Resources\TransactionResource\Pages\ListTransactions" namespace="App\Filament\Resources\TransactionResource\Pages">
          <metrics complexity="7" methods="4" coveredmethods="3" conditionals="0" coveredconditionals="0" statements="38" coveredstatements="37" elements="42" coveredelements="40"/>
        </class>
        <line num="17" type="method" name="mount" visibility="public" complexity="2" crap="2" count="5"/>
        <line num="19" type="stmt" count="5"/>
        <line num="23" type="stmt" count="5"/>
        <line num="24" type="stmt" count="5"/>
        <line num="25" type="stmt" count="5"/>
        <line num="26" type="stmt" count="5"/>
        <line num="27" type="stmt" count="5"/>
        <line num="28" type="stmt" count="5"/>
        <line num="32" type="method" name="getHeaderActions" visibility="protected" complexity="1" crap="1" count="4"/>
        <line num="34" type="stmt" count="4"/>
        <line num="35" type="stmt" count="4"/>
        <line num="36" type="stmt" count="4"/>
        <line num="43" type="method" name="sumSelectedTransactions" visibility="public" complexity="3" crap="3" count="2"/>
        <line num="45" type="stmt" count="2"/>
        <line num="46" type="stmt" count="2"/>
        <line num="47" type="stmt" count="2"/>
        <line num="48" type="stmt" count="2"/>
        <line num="50" type="stmt" count="2"/>
        <line num="51" type="stmt" count="1"/>
        <line num="55" type="stmt" count="1"/>
        <line num="56" type="stmt" count="1"/>
        <line num="57" type="stmt" count="1"/>
        <line num="58" type="stmt" count="1"/>
        <line num="59" type="stmt" count="1"/>
        <line num="60" type="stmt" count="1"/>
        <line num="61" type="stmt" count="1"/>
        <line num="62" type="stmt" count="1"/>
        <line num="63" type="stmt" count="1"/>
        <line num="64" type="stmt" count="1"/>
        <line num="66" type="stmt" count="1"/>
        <line num="67" type="stmt" count="0"/>
        <line num="70" type="stmt" count="1"/>
        <line num="71" type="stmt" count="1"/>
        <line num="72" type="stmt" count="1"/>
        <line num="73" type="stmt" count="1"/>
        <line num="74" type="stmt" count="1"/>
        <line num="80" type="method" name="formatSelectedSumRow" visibility="private" complexity="1" crap="1" count="2"/>
        <line num="82" type="stmt" count="2"/>
        <line num="83" type="stmt" count="2"/>
        <line num="84" type="stmt" count="2"/>
        <line num="85" type="stmt" count="2"/>
        <line num="86" type="stmt" count="2"/>
        <metrics loc="89" ncloc="79" classes="1" methods="4" coveredmethods="3" conditionals="0" coveredconditionals="0" statements="38" coveredstatements="37" elements="42" coveredelements="40"/>
      </file>
    </package>
    <package name="App\Filament\Resources\UserResource\Pages">
      <file name="/home/jhonny/Proyectos/laravel/finanzas-personales-filament/app/Filament/Resources/UserResource/Pages/CreateUser.php">
        <class name="App\Filament\Resources\UserResource\Pages\CreateUser" namespace="App\Filament\Resources\UserResource\Pages">
          <metrics complexity="0" methods="0" coveredmethods="0" conditionals="0" coveredconditionals="0" statements="0" coveredstatements="0" elements="0" coveredelements="0"/>
        </class>
        <metrics loc="14" ncloc="14" classes="0" methods="0" coveredmethods="0" conditionals="0" coveredconditionals="0" statements="0" coveredstatements="0" elements="0" coveredelements="0"/>
      </file>
      <file name="/home/jhonny/Proyectos/laravel/finanzas-personales-filament/app/Filament/Resources/UserResource/Pages/EditUser.php">
        <class name="App\Filament\Resources\UserResource\Pages\EditUser" namespace="App\Filament\Resources\UserResource\Pages">
          <metrics complexity="1" methods="1" coveredmethods="0" conditionals="0" coveredconditionals="0" statements="3" coveredstatements="0" elements="4" coveredelements="0"/>
        </class>
        <line num="15" type="method" name="getHeaderActions" visibility="protected" complexity="1" crap="2" count="0"/>
        <line num="17" type="stmt" count="0"/>
        <line num="18" type="stmt" count="0"/>
        <line num="19" type="stmt" count="0"/>
        <metrics loc="22" ncloc="22" classes="1" methods="1" coveredmethods="0" conditionals="0" coveredconditionals="0" statements="3" coveredstatements="0" elements="4" coveredelements="0"/>
      </file>
      <file name="/home/jhonny/Proyectos/laravel/finanzas-personales-filament/app/Filament/Resources/UserResource/Pages/ListUsers.php">
        <class name="App\Filament\Resources\UserResource\Pages\ListUsers" namespace="App\Filament\Resources\UserResource\Pages">
          <metrics complexity="1" methods="1" coveredmethods="0" conditionals="0" coveredconditionals="0" statements="3" coveredstatements="0" elements="4" coveredelements="0"/>
        </class>
        <line num="15" type="method" name="getHeaderActions" visibility="protected" complexity="1" crap="2" count="0"/>
        <line num="17" type="stmt" count="0"/>
        <line num="18" type="stmt" count="0"/>
        <line num="19" type="stmt" count="0"/>
        <metrics loc="22" ncloc="22" classes="1" methods="1" coveredmethods="0" conditionals="0" coveredconditionals="0" statements="3" coveredstatements="0" elements="4" coveredelements="0"/>
      </file>
    </package>
    <package name="App\Filament\Widgets">
      <file name="/home/jhonny/Proyectos/laravel/finanzas-personales-filament/app/Filament/Widgets/CapitalPieChartWidget.php">
        <class name="App\Filament\Widgets\CapitalPieChartWidget" namespace="App\Filament\Widgets">
          <metrics complexity="9" methods="5" coveredmethods="0" conditionals="0" coveredconditionals="0" statements="49" coveredstatements="0" elements="54" coveredelements="0"/>
        </class>
        <line num="20" type="method" name="canView" visibility="public" complexity="2" crap="6" count="0"/>
        <line num="22" type="stmt" count="0"/>
        <line num="25" type="method" name="refreshAfterFundOriginsDataChanged" visibility="public" complexity="1" crap="2" count="0"/>
        <line num="26" type="stmt" count="0"/>
        <line num="28" type="method" name="getData" visibility="protected" complexity="4" crap="20" count="0"/>
        <line num="30" type="stmt" count="0"/>
        <line num="31" type="stmt" count="0"/>
        <line num="32" type="stmt" count="0"/>
        <line num="33" type="stmt" count="0"/>
        <line num="34" type="stmt" count="0"/>
        <line num="36" type="stmt" count="0"/>
        <line num="37" type="stmt" count="0"/>
        <line num="38" type="stmt" count="0"/>
        <line num="40" type="stmt" count="0"/>
        <line num="41" type="stmt" count="0"/>
        <line num="42" type="stmt" count="0"/>
        <line num="43" type="stmt" count="0"/>
        <line num="44" type="stmt" count="0"/>
        <line num="45" type="stmt" count="0"/>
        <line num="46" type="stmt" count="0"/>
        <line num="47" type="stmt" count="0"/>
        <line num="49" type="stmt" count="0"/>
        <line num="50" type="stmt" count="0"/>
        <line num="51" type="stmt" count="0"/>
        <line num="54" type="stmt" count="0"/>
        <line num="55" type="stmt" count="0"/>
        <line num="56" type="stmt" count="0"/>
        <line num="57" type="stmt" count="0"/>
        <line num="58" type="stmt" count="0"/>
        <line num="59" type="stmt" count="0"/>
        <line num="60" type="stmt" count="0"/>
        <line num="61" type="stmt" count="0"/>
        <line num="62" type="stmt" count="0"/>
        <line num="63" type="stmt" count="0"/>
        <line num="66" type="method" name="getType" visibility="protected" complexity="1" crap="2" count="0"/>
        <line num="68" type="stmt" count="0"/>
        <line num="71" type="method" name="colorToRgba" visibility="private" complexity="1" crap="2" count="0"/>
        <line num="73" type="stmt" count="0"/>
        <line num="74" type="stmt" count="0"/>
        <line num="75" type="stmt" count="0"/>
        <line num="76" type="stmt" count="0"/>
        <line num="77" type="stmt" count="0"/>
        <line num="78" type="stmt" count="0"/>
        <line num="79" type="stmt" count="0"/>
        <line num="80" type="stmt" count="0"/>
        <line num="81" type="stmt" count="0"/>
        <line num="82" type="stmt" count="0"/>
        <line num="83" type="stmt" count="0"/>
        <line num="84" type="stmt" count="0"/>
        <line num="85" type="stmt" count="0"/>
        <line num="86" type="stmt" count="0"/>
        <line num="87" type="stmt" count="0"/>
        <line num="88" type="stmt" count="0"/>
        <line num="90" type="stmt" count="0"/>
        <metrics loc="93" ncloc="93" classes="1" methods="5" coveredmethods="0" conditionals="0" coveredconditionals="0" statements="49" coveredstatements="0" elements="54" coveredelements="0"/>
      </file>
      <file name="/home/jhonny/Proyectos/laravel/finanzas-personales-filament/app/Filament/Widgets/CapitalTotalWidget.php">
        <class name="App\Filament\Widgets\CapitalTotalWidget" namespace="App\Filament\Widgets">
          <metrics complexity="8" methods="7" coveredmethods="6" conditionals="0" coveredconditionals="0" statements="12" coveredstatements="11" elements="19" coveredelements="17"/>
        </class>
        <line num="26" type="method" name="mount" visibility="public" complexity="2" crap="2" count="2"/>
        <line num="28" type="stmt" count="2"/>
        <line num="29" type="stmt" count="2"/>
        <line num="33" type="method" name="refreshAfterFundOriginsDataChanged" visibility="public" complexity="1" crap="1" count="1"/>
        <line num="37" type="stmt" count="1"/>
        <line num="39" type="method" name="canView" visibility="public" complexity="1" crap="2" count="0"/>
        <line num="41" type="stmt" count="0"/>
        <line num="44" type="method" name="toggleAmountVisibility" visibility="public" complexity="1" crap="1" count="1"/>
        <line num="46" type="stmt" count="1"/>
        <line num="47" type="stmt" count="1"/>
        <line num="49" type="stmt" count="1"/>
        <line num="52" type="method" name="getTotal" visibility="public" complexity="1" crap="1" count="2"/>
        <line num="54" type="stmt" count="2"/>
        <line num="55" type="stmt" count="2"/>
        <line num="56" type="stmt" count="2"/>
        <line num="59" type="method" name="isAmountVisible" visibility="public" complexity="1" crap="1" count="2"/>
        <line num="61" type="stmt" count="2"/>
        <line num="64" type="method" name="getDisplayValue" visibility="public" complexity="1" crap="1" count="2"/>
        <line num="66" type="stmt" count="2"/>
        <metrics loc="69" ncloc="68" classes="1" methods="7" coveredmethods="6" conditionals="0" coveredconditionals="0" statements="12" coveredstatements="11" elements="19" coveredelements="17"/>
      </file>
      <file name="/home/jhonny/Proyectos/laravel/finanzas-personales-filament/app/Filament/Widgets/CapitalTrendChartWidget.php">
        <class name="App\Filament\Widgets\CapitalTrendChartWidget" namespace="App\Filament\Widgets">
          <metrics complexity="17" methods="8" coveredmethods="6" conditionals="0" coveredconditionals="0" statements="54" coveredstatements="52" elements="62" coveredelements="58"/>
        </class>
        <line num="23" type="method" name="canView" visibility="public" complexity="2" crap="2" count="1"/>
        <line num="25" type="stmt" count="1"/>
        <line num="28" type="method" name="refreshAfterFundOriginsDataChanged" visibility="public" complexity="1" crap="2" count="0"/>
        <line num="32" type="stmt" count="0"/>
        <line num="37" type="method" name="getFilters" visibility="protected" complexity="1" crap="1" count="2"/>
        <line num="39" type="stmt" count="2"/>
        <line num="40" type="stmt" count="2"/>
        <line num="41" type="stmt" count="2"/>
        <line num="42" type="stmt" count="2"/>
        <line num="43" type="stmt" count="2"/>
        <line num="46" type="method" name="getData" visibility="protected" complexity="1" crap="1" count="2"/>
        <line num="48" type="stmt" count="2"/>
        <line num="50" type="stmt" count="2"/>
        <line num="51" type="stmt" count="2"/>
        <line num="52" type="stmt" count="2"/>
        <line num="53" type="stmt" count="2"/>
        <line num="54" type="stmt" count="2"/>
        <line num="55" type="stmt" count="2"/>
        <line num="56" type="stmt" count="2"/>
        <line num="57" type="stmt" count="2"/>
        <line num="58" type="stmt" count="2"/>
        <line num="59" type="stmt" count="2"/>
        <line num="60" type="stmt" count="2"/>
        <line num="61" type="stmt" count="2"/>
        <line num="62" type="stmt" count="2"/>
        <line num="65" type="method" name="getType" visibility="protected" complexity="1" crap="1" count="2"/>
        <line num="67" type="stmt" count="2"/>
        <line num="73" type="method" name="getTrendPoints" visibility="public" complexity="3" crap="3" count="2"/>
        <line num="75" type="stmt" count="2"/>
        <line num="76" type="stmt" count="2"/>
        <line num="78" type="stmt" count="2"/>
        <line num="79" type="stmt" count="2"/>
        <line num="80" type="stmt" count="2"/>
        <line num="81" type="stmt" count="2"/>
        <line num="82" type="stmt" count="2"/>
        <line num="84" type="stmt" count="2"/>
        <line num="85" type="stmt" count="2"/>
        <line num="86" type="stmt" count="2"/>
        <line num="87" type="stmt" count="2"/>
        <line num="88" type="stmt" count="0"/>
        <line num="90" type="stmt" count="2"/>
        <line num="91" type="stmt" count="2"/>
        <line num="92" type="stmt" count="2"/>
        <line num="93" type="stmt" count="2"/>
        <line num="94" type="stmt" count="2"/>
        <line num="95" type="stmt" count="2"/>
        <line num="96" type="stmt" count="2"/>
        <line num="98" type="stmt" count="2"/>
        <line num="99" type="stmt" count="2"/>
        <line num="102" type="method" name="resolveStartDate" visibility="private" complexity="4" crap="4" count="2"/>
        <line num="104" type="stmt" count="2"/>
        <line num="106" type="stmt" count="2"/>
        <line num="107" type="stmt" count="1"/>
        <line num="108" type="stmt" count="1"/>
        <line num="109" type="stmt" count="2"/>
        <line num="110" type="stmt" count="2"/>
        <line num="113" type="method" name="formatBucketLabel" visibility="private" complexity="4" crap="4" count="2"/>
        <line num="115" type="stmt" count="2"/>
        <line num="116" type="stmt" count="1"/>
        <line num="117" type="stmt" count="1"/>
        <line num="118" type="stmt" count="2"/>
        <line num="119" type="stmt" count="2"/>
        <metrics loc="122" ncloc="115" classes="1" methods="8" coveredmethods="6" conditionals="0" coveredconditionals="0" statements="54" coveredstatements="52" elements="62" coveredelements="58"/>
      </file>
      <file name="/home/jhonny/Proyectos/laravel/finanzas-personales-filament/app/Filament/Widgets/FinanceStatsOverview.php">
        <class name="App\Filament\Widgets\FinanceStatsOverview" namespace="App\Filament\Widgets">
          <metrics complexity="8" methods="3" coveredmethods="1" conditionals="0" coveredconditionals="0" statements="39" coveredstatements="1" elements="42" coveredelements="2"/>
        </class>
        <line num="16" type="method" name="getColumns" visibility="protected" complexity="1" crap="2" count="0"/>
        <line num="18" type="stmt" count="0"/>
        <line num="21" type="method" name="canView" visibility="public" complexity="2" crap="2" count="2"/>
        <line num="23" type="stmt" count="2"/>
        <line num="26" type="method" name="getStats" visibility="protected" complexity="5" crap="30" count="0"/>
        <line num="28" type="stmt" count="0"/>
        <line num="29" type="stmt" count="0"/>
        <line num="30" type="stmt" count="0"/>
        <line num="32" type="stmt" count="0"/>
        <line num="33" type="stmt" count="0"/>
        <line num="34" type="stmt" count="0"/>
        <line num="36" type="stmt" count="0"/>
        <line num="37" type="stmt" count="0"/>
        <line num="38" type="stmt" count="0"/>
        <line num="39" type="stmt" count="0"/>
        <line num="40" type="stmt" count="0"/>
        <line num="41" type="stmt" count="0"/>
        <line num="42" type="stmt" count="0"/>
        <line num="44" type="stmt" count="0"/>
        <line num="45" type="stmt" count="0"/>
        <line num="46" type="stmt" count="0"/>
        <line num="47" type="stmt" count="0"/>
        <line num="48" type="stmt" count="0"/>
        <line num="49" type="stmt" count="0"/>
        <line num="51" type="stmt" count="0"/>
        <line num="52" type="stmt" count="0"/>
        <line num="53" type="stmt" count="0"/>
        <line num="54" type="stmt" count="0"/>
        <line num="55" type="stmt" count="0"/>
        <line num="56" type="stmt" count="0"/>
        <line num="57" type="stmt" count="0"/>
        <line num="58" type="stmt" count="0"/>
        <line num="59" type="stmt" count="0"/>
        <line num="60" type="stmt" count="0"/>
        <line num="61" type="stmt" count="0"/>
        <line num="62" type="stmt" count="0"/>
        <line num="63" type="stmt" count="0"/>
        <line num="64" type="stmt" count="0"/>
        <line num="65" type="stmt" count="0"/>
        <line num="66" type="stmt" count="0"/>
        <line num="67" type="stmt" count="0"/>
        <line num="68" type="stmt" count="0"/>
        <metrics loc="71" ncloc="71" classes="1" methods="3" coveredmethods="1" conditionals="0" coveredconditionals="0" statements="39" coveredstatements="1" elements="42" coveredelements="2"/>
      </file>
      <file name="/home/jhonny/Proyectos/laravel/finanzas-personales-filament/app/Filament/Widgets/IncomeExpenseChart.php">
        <class name="App\Filament\Widgets\IncomeExpenseChart" namespace="App\Filament\Widgets">
          <metrics complexity="6" methods="3" coveredmethods="1" conditionals="0" coveredconditionals="0" statements="39" coveredstatements="1" elements="42" coveredelements="2"/>
        </class>
        <line num="18" type="method" name="canView" visibility="public" complexity="2" crap="2" count="2"/>
        <line num="21" type="stmt" count="2"/>
        <line num="24" type="method" name="getData" visibility="protected" complexity="3" crap="12" count="0"/>
        <line num="26" type="stmt" count="0"/>
        <line num="27" type="stmt" count="0"/>
        <line num="29" type="stmt" count="0"/>
        <line num="30" type="stmt" count="0"/>
        <line num="32" type="stmt" count="0"/>
        <line num="33" type="stmt" count="0"/>
        <line num="34" type="stmt" count="0"/>
        <line num="35" type="stmt" count="0"/>
        <line num="36" type="stmt" count="0"/>
        <line num="37" type="stmt" count="0"/>
        <line num="38" type="stmt" count="0"/>
        <line num="39" type="stmt" count="0"/>
        <line num="40" type="stmt" count="0"/>
        <line num="42" type="stmt" count="0"/>
        <line num="43" type="stmt" count="0"/>
        <line num="44" type="stmt" count="0"/>
        <line num="46" type="stmt" count="0"/>
        <line num="47" type="stmt" count="0"/>
        <line num="48" type="stmt" count="0"/>
        <line num="49" type="stmt" count="0"/>
        <line num="52" type="stmt" count="0"/>
        <line num="53" type="stmt" count="0"/>
        <line num="54" type="stmt" count="0"/>
        <line num="55" type="stmt" count="0"/>
        <line num="56" type="stmt" count="0"/>
        <line num="57" type="stmt" count="0"/>
        <line num="58" type="stmt" count="0"/>
        <line num="59" type="stmt" count="0"/>
        <line num="60" type="stmt" count="0"/>
        <line num="61" type="stmt" count="0"/>
        <line num="62" type="stmt" count="0"/>
        <line num="63" type="stmt" count="0"/>
        <line num="64" type="stmt" count="0"/>
        <line num="65" type="stmt" count="0"/>
        <line num="66" type="stmt" count="0"/>
        <line num="67" type="stmt" count="0"/>
        <line num="68" type="stmt" count="0"/>
        <line num="71" type="method" name="getType" visibility="protected" complexity="1" crap="2" count="0"/>
        <line num="73" type="stmt" count="0"/>
        <metrics loc="76" ncloc="75" classes="1" methods="3" coveredmethods="1" conditionals="0" coveredconditionals="0" statements="39" coveredstatements="1" elements="42" coveredelements="2"/>
      </file>
    </package>
    <package name="App\Http\Controllers\Auth">
      <file name="/home/jhonny/Proyectos/laravel/finanzas-personales-filament/app/Http/Controllers/Auth/SocialiteController.php">
        <class name="App\Http\Controllers\Auth\SocialiteController" namespace="App\Http\Controllers\Auth">
          <metrics complexity="16" methods="6" coveredmethods="0" conditionals="0" coveredconditionals="0" statements="50" coveredstatements="0" elements="56" coveredelements="0"/>
        </class>
        <line num="20" type="method" name="redirect" visibility="public" complexity="3" crap="12" count="0"/>
        <line num="22" type="stmt" count="0"/>
        <line num="24" type="stmt" count="0"/>
        <line num="25" type="stmt" count="0"/>
        <line num="26" type="stmt" count="0"/>
        <line num="29" type="stmt" count="0"/>
        <line num="32" type="method" name="callback" visibility="public" complexity="2" crap="6" count="0"/>
        <line num="34" type="stmt" count="0"/>
        <line num="36" type="stmt" count="0"/>
        <line num="38" type="stmt" count="0"/>
        <line num="39" type="stmt" count="0"/>
        <line num="42" type="stmt" count="0"/>
        <line num="45" type="method" name="handleLogin" visibility="private" complexity="2" crap="6" count="0"/>
        <line num="47" type="stmt" count="0"/>
        <line num="49" type="stmt" count="0"/>
        <line num="50" type="stmt" count="0"/>
        <line num="51" type="stmt" count="0"/>
        <line num="54" type="stmt" count="0"/>
        <line num="55" type="stmt" count="0"/>
        <line num="57" type="stmt" count="0"/>
        <line num="60" type="method" name="handleLinkAccount" visibility="private" complexity="4" crap="20" count="0"/>
        <line num="62" type="stmt" count="0"/>
        <line num="64" type="stmt" count="0"/>
        <line num="65" type="stmt" count="0"/>
        <line num="68" type="stmt" count="0"/>
        <line num="69" type="stmt" count="0"/>
        <line num="70" type="stmt" count="0"/>
        <line num="71" type="stmt" count="0"/>
        <line num="74" type="stmt" count="0"/>
        <line num="75" type="stmt" count="0"/>
        <line num="76" type="stmt" count="0"/>
        <line num="77" type="stmt" count="0"/>
        <line num="79" type="stmt" count="0"/>
        <line num="80" type="stmt" count="0"/>
        <line num="83" type="method" name="findOrCreateUser" visibility="private" complexity="3" crap="12" count="0"/>
        <line num="85" type="stmt" count="0"/>
        <line num="87" type="stmt" count="0"/>
        <line num="88" type="stmt" count="0"/>
        <line num="91" type="stmt" count="0"/>
        <line num="93" type="stmt" count="0"/>
        <line num="94" type="stmt" count="0"/>
        <line num="95" type="stmt" count="0"/>
        <line num="96" type="stmt" count="0"/>
        <line num="97" type="stmt" count="0"/>
        <line num="99" type="stmt" count="0"/>
        <line num="102" type="stmt" count="0"/>
        <line num="103" type="stmt" count="0"/>
        <line num="104" type="stmt" count="0"/>
        <line num="105" type="stmt" count="0"/>
        <line num="106" type="stmt" count="0"/>
        <line num="107" type="stmt" count="0"/>
        <line num="108" type="stmt" count="0"/>
        <line num="109" type="stmt" count="0"/>
        <line num="112" type="method" name="validateProvider" visibility="private" complexity="2" crap="6" count="0"/>
        <line num="114" type="stmt" count="0"/>
        <line num="115" type="stmt" count="0"/>
        <metrics loc="119" ncloc="119" classes="1" methods="6" coveredmethods="0" conditionals="0" coveredconditionals="0" statements="50" coveredstatements="0" elements="56" coveredelements="0"/>
      </file>
    </package>
    <package name="App\Http\Controllers">
      <file name="/home/jhonny/Proyectos/laravel/finanzas-personales-filament/app/Http/Controllers/Controller.php">
        <class name="App\Http\Controllers\Controller" namespace="App\Http\Controllers">
          <metrics complexity="0" methods="0" coveredmethods="0" conditionals="0" coveredconditionals="0" statements="0" coveredstatements="0" elements="0" coveredelements="0"/>
        </class>
        <metrics loc="9" ncloc="8" classes="0" methods="0" coveredmethods="0" conditionals="0" coveredconditionals="0" statements="0" coveredstatements="0" elements="0" coveredelements="0"/>
      </file>
    </package>
    <package name="App\Http\Middleware">
      <file name="/home/jhonny/Proyectos/laravel/finanzas-personales-filament/app/Http/Middleware/CheckUserBlocked.php">
        <class name="App\Http\Middleware\CheckUserBlocked" namespace="App\Http\Middleware">
          <metrics complexity="3" methods="1" coveredmethods="0" conditionals="0" coveredconditionals="0" statements="8" coveredstatements="3" elements="9" coveredelements="3"/>
        </class>
        <line num="19" type="method" name="handle" visibility="public" complexity="3" crap="5.20" count="2"/>
        <line num="21" type="stmt" count="2"/>
        <line num="24" type="stmt" count="2"/>
        <line num="25" type="stmt" count="0"/>
        <line num="27" type="stmt" count="0"/>
        <line num="28" type="stmt" count="0"/>
        <line num="30" type="stmt" count="0"/>
        <line num="31" type="stmt" count="0"/>
        <line num="34" type="stmt" count="2"/>
        <metrics loc="37" ncloc="31" classes="1" methods="1" coveredmethods="0" conditionals="0" coveredconditionals="0" statements="8" coveredstatements="3" elements="9" coveredelements="3"/>
      </file>
    </package>
    <package name="App\Models">
      <file name="/home/jhonny/Proyectos/laravel/finanzas-personales-filament/app/Models/CapitalSnapshot.php">
        <class name="App\Models\CapitalSnapshot" namespace="App\Models">
          <metrics complexity="2" methods="2" coveredmethods="1" conditionals="0" coveredconditionals="0" statements="5" coveredstatements="4" elements="7" coveredelements="5"/>
        </class>
        <line num="21" type="method" name="casts" visibility="protected" complexity="1" crap="1" count="4"/>
        <line num="23" type="stmt" count="4"/>
        <line num="24" type="stmt" count="4"/>
        <line num="25" type="stmt" count="4"/>
        <line num="26" type="stmt" count="4"/>
        <line num="29" type="method" name="user" visibility="public" complexity="1" crap="2" count="0"/>
        <line num="31" type="stmt" count="0"/>
        <metrics loc="34" ncloc="34" classes="1" methods="2" coveredmethods="1" conditionals="0" coveredconditionals="0" statements="5" coveredstatements="4" elements="7" coveredelements="5"/>
      </file>
      <file name="/home/jhonny/Proyectos/laravel/finanzas-personales-filament/app/Models/FundOrigin.php">
        <class name="App\Models\FundOrigin" namespace="App\Models">
          <metrics complexity="2" methods="2" coveredmethods="1" conditionals="0" coveredconditionals="0" statements="5" coveredstatements="4" elements="7" coveredelements="5"/>
        </class>
        <line num="22" type="method" name="casts" visibility="protected" complexity="1" crap="1" count="13"/>
        <line num="24" type="stmt" count="13"/>
        <line num="25" type="stmt" count="13"/>
        <line num="26" type="stmt" count="13"/>
        <line num="27" type="stmt" count="13"/>
        <line num="30" type="method" name="user" visibility="public" complexity="1" crap="2" count="0"/>
        <line num="32" type="stmt" count="0"/>
        <metrics loc="35" ncloc="35" classes="1" methods="2" coveredmethods="1" conditionals="0" coveredconditionals="0" statements="5" coveredstatements="4" elements="7" coveredelements="5"/>
      </file>
      <file name="/home/jhonny/Proyectos/laravel/finanzas-personales-filament/app/Models/Tag.php">
        <class name="App\Models\Tag" namespace="App\Models">
          <metrics complexity="5" methods="5" coveredmethods="2" conditionals="0" coveredconditionals="0" statements="8" coveredstatements="5" elements="13" coveredelements="7"/>
        </class>
        <line num="20" type="method" name="user" visibility="public" complexity="1" crap="2" count="0"/>
        <line num="22" type="stmt" count="0"/>
        <line num="25" type="method" name="transactions" visibility="public" complexity="1" crap="2" count="0"/>
        <line num="27" type="stmt" count="0"/>
        <line num="33" type="method" name="scopeGlobal" visibility="public" complexity="1" crap="1" count="1"/>
        <line num="35" type="stmt" count="1"/>
        <line num="41" type="method" name="scopeForUser" visibility="public" complexity="1" crap="1" count="8"/>
        <line num="43" type="stmt" count="8"/>
        <line num="44" type="stmt" count="8"/>
        <line num="45" type="stmt" count="8"/>
        <line num="46" type="stmt" count="8"/>
        <line num="52" type="method" name="isGlobal" visibility="public" complexity="1" crap="2" count="0"/>
        <line num="54" type="stmt" count="0"/>
        <metrics loc="57" ncloc="48" classes="1" methods="5" coveredmethods="2" conditionals="0" coveredconditionals="0" statements="8" coveredstatements="5" elements="13" coveredelements="7"/>
      </file>
      <file name="/home/jhonny/Proyectos/laravel/finanzas-personales-filament/app/Models/Transaction.php">
        <class name="App\Models\Transaction" namespace="App\Models">
          <metrics complexity="3" methods="3" coveredmethods="3" conditionals="0" coveredconditionals="0" statements="7" coveredstatements="7" elements="10" coveredelements="10"/>
        </class>
        <line num="25" type="method" name="casts" visibility="protected" complexity="1" crap="1" count="20"/>
        <line num="27" type="stmt" count="20"/>
        <line num="28" type="stmt" count="20"/>
        <line num="29" type="stmt" count="20"/>
        <line num="30" type="stmt" count="20"/>
        <line num="31" type="stmt" count="20"/>
        <line num="34" type="method" name="user" visibility="public" complexity="1" crap="1" count="1"/>
        <line num="36" type="stmt" count="1"/>
        <line num="39" type="method" name="tags" visibility="public" complexity="1" crap="1" count="8"/>
        <line num="41" type="stmt" count="8"/>
        <metrics loc="44" ncloc="43" classes="1" methods="3" coveredmethods="3" conditionals="0" coveredconditionals="0" statements="7" coveredstatements="7" elements="10" coveredelements="10"/>
      </file>
      <file name="/home/jhonny/Proyectos/laravel/finanzas-personales-filament/app/Models/User.php">
        <class name="App\Models\User" namespace="App\Models">
          <metrics complexity="7" methods="7" coveredmethods="5" conditionals="0" coveredconditionals="0" statements="12" coveredstatements="10" elements="19" coveredelements="15"/>
        </class>
        <line num="50" type="method" name="casts" visibility="protected" complexity="1" crap="1" count="76"/>
        <line num="52" type="stmt" count="76"/>
        <line num="53" type="stmt" count="76"/>
        <line num="54" type="stmt" count="76"/>
        <line num="55" type="stmt" count="76"/>
        <line num="56" type="stmt" count="76"/>
        <line num="57" type="stmt" count="76"/>
        <line num="60" type="method" name="transactions" visibility="public" complexity="1" crap="1" count="1"/>
        <line num="62" type="stmt" count="1"/>
        <line num="65" type="method" name="fundOrigins" visibility="public" complexity="1" crap="1" count="1"/>
        <line num="67" type="stmt" count="1"/>
        <line num="73" type="method" name="isBlocked" visibility="public" complexity="1" crap="1" count="4"/>
        <line num="75" type="stmt" count="4"/>
        <line num="81" type="method" name="block" visibility="public" complexity="1" crap="2" count="0"/>
        <line num="83" type="stmt" count="0"/>
        <line num="89" type="method" name="unblock" visibility="public" complexity="1" crap="2" count="0"/>
        <line num="91" type="stmt" count="0"/>
        <line num="94" type="method" name="canAccessPanel" visibility="public" complexity="1" crap="1" count="4"/>
        <line num="96" type="stmt" count="4"/>
        <metrics loc="99" ncloc="73" classes="1" methods="7" coveredmethods="5" conditionals="0" coveredconditionals="0" statements="12" coveredstatements="10" elements="19" coveredelements="15"/>
      </file>
    </package>
    <package name="App\Policies">
      <file name="/home/jhonny/Proyectos/laravel/finanzas-personales-filament/app/Policies/FundOriginPolicy.php">
        <class name="App\Policies\FundOriginPolicy" namespace="App\Policies">
          <metrics complexity="8" methods="5" coveredmethods="5" conditionals="0" coveredconditionals="0" statements="5" coveredstatements="5" elements="10" coveredelements="10"/>
        </class>
        <line num="12" type="method" name="viewAny" visibility="public" complexity="1" crap="1" count="3"/>
        <line num="14" type="stmt" count="3"/>
        <line num="17" type="method" name="view" visibility="public" complexity="2" crap="2" count="2"/>
        <line num="19" type="stmt" count="2"/>
        <line num="22" type="method" name="create" visibility="public" complexity="1" crap="1" count="2"/>
        <line num="24" type="stmt" count="2"/>
        <line num="27" type="method" name="update" visibility="public" complexity="2" crap="2" count="2"/>
        <line num="29" type="stmt" count="2"/>
        <line num="32" type="method" name="delete" visibility="public" complexity="2" crap="2" count="2"/>
        <line num="34" type="stmt" count="2"/>
        <metrics loc="37" ncloc="37" classes="1" methods="5" coveredmethods="5" conditionals="0" coveredconditionals="0" statements="5" coveredstatements="5" elements="10" coveredelements="10"/>
      </file>
      <file name="/home/jhonny/Proyectos/laravel/finanzas-personales-filament/app/Policies/TagPolicy.php">
        <class name="App\Policies\TagPolicy" namespace="App\Policies">
          <metrics complexity="11" methods="5" coveredmethods="4" conditionals="0" coveredconditionals="0" statements="11" coveredstatements="10" elements="16" coveredelements="14"/>
        </class>
        <line num="15" type="method" name="viewAny" visibility="public" complexity="1" crap="1" count="2"/>
        <line num="17" type="stmt" count="2"/>
        <line num="23" type="method" name="view" visibility="public" complexity="3" crap="3" count="4"/>
        <line num="26" type="stmt" count="4"/>
        <line num="27" type="stmt" count="1"/>
        <line num="30" type="stmt" count="3"/>
        <line num="36" type="method" name="create" visibility="public" complexity="1" crap="2" count="0"/>
        <line num="38" type="stmt" count="0"/>
        <line num="44" type="method" name="update" visibility="public" complexity="3" crap="3" count="3"/>
        <line num="47" type="stmt" count="3"/>
        <line num="48" type="stmt" count="1"/>
        <line num="52" type="stmt" count="2"/>
        <line num="58" type="method" name="delete" visibility="public" complexity="3" crap="3" count="3"/>
        <line num="61" type="stmt" count="3"/>
        <line num="62" type="stmt" count="1"/>
        <line num="66" type="stmt" count="2"/>
        <metrics loc="69" ncloc="47" classes="1" methods="5" coveredmethods="4" conditionals="0" coveredconditionals="0" statements="11" coveredstatements="10" elements="16" coveredelements="14"/>
      </file>
      <file name="/home/jhonny/Proyectos/laravel/finanzas-personales-filament/app/Policies/TransactionPolicy.php">
        <class name="App\Policies\TransactionPolicy" namespace="App\Policies">
          <metrics complexity="8" methods="5" coveredmethods="5" conditionals="0" coveredconditionals="0" statements="5" coveredstatements="5" elements="10" coveredelements="10"/>
        </class>
        <line num="12" type="method" name="viewAny" visibility="public" complexity="1" crap="1" count="7"/>
        <line num="14" type="stmt" count="7"/>
        <line num="17" type="method" name="view" visibility="public" complexity="2" crap="2" count="3"/>
        <line num="19" type="stmt" count="3"/>
        <line num="22" type="method" name="create" visibility="public" complexity="1" crap="1" count="6"/>
        <line num="24" type="stmt" count="6"/>
        <line num="27" type="method" name="update" visibility="public" complexity="2" crap="2" count="3"/>
        <line num="29" type="stmt" count="3"/>
        <line num="32" type="method" name="delete" visibility="public" complexity="2" crap="2" count="3"/>
        <line num="34" type="stmt" count="3"/>
        <metrics loc="37" ncloc="37" classes="1" methods="5" coveredmethods="5" conditionals="0" coveredconditionals="0" statements="5" coveredstatements="5" elements="10" coveredelements="10"/>
      </file>
      <file name="/home/jhonny/Proyectos/laravel/finanzas-personales-filament/app/Policies/UserPolicy.php">
        <class name="App\Policies\UserPolicy" namespace="App\Policies">
          <metrics complexity="6" methods="5" coveredmethods="4" conditionals="0" coveredconditionals="0" statements="5" coveredstatements="4" elements="10" coveredelements="8"/>
        </class>
        <line num="14" type="method" name="viewAny" visibility="public" complexity="1" crap="1" count="3"/>
        <line num="16" type="stmt" count="3"/>
        <line num="22" type="method" name="view" visibility="public" complexity="1" crap="2" count="0"/>
        <line num="24" type="stmt" count="0"/>
        <line num="30" type="method" name="create" visibility="public" complexity="1" crap="1" count="2"/>
        <line num="32" type="stmt" count="2"/>
        <line num="38" type="method" name="update" visibility="public" complexity="1" crap="1" count="2"/>
        <line num="40" type="stmt" count="2"/>
        <line num="46" type="method" name="delete" visibility="public" complexity="2" crap="2" count="3"/>
        <line num="48" type="stmt" count="3"/>
        <metrics loc="51" ncloc="36" classes="1" methods="5" coveredmethods="4" conditionals="0" coveredconditionals="0" statements="5" coveredstatements="4" elements="10" coveredelements="8"/>
      </file>
    </package>
    <package name="App\Providers">
      <file name="/home/jhonny/Proyectos/laravel/finanzas-personales-filament/app/Providers/AppServiceProvider.php">
        <class name="App\Providers\AppServiceProvider" namespace="App\Providers">
          <metrics complexity="4" methods="2" coveredmethods="1" conditionals="0" coveredconditionals="0" statements="24" coveredstatements="23" elements="26" coveredelements="24"/>
        </class>
        <line num="22" type="method" name="register" visibility="public" complexity="1" crap="1" count="82"/>
        <line num="25" type="stmt" count="82"/>
        <line num="30" type="method" name="boot" visibility="public" complexity="3" crap="3" count="82"/>
        <line num="32" type="stmt" count="82"/>
        <line num="33" type="stmt" count="82"/>
        <line num="34" type="stmt" count="82"/>
        <line num="35" type="stmt" count="82"/>
        <line num="36" type="stmt" count="82"/>
        <line num="37" type="stmt" count="82"/>
        <line num="38" type="stmt" count="82"/>
        <line num="39" type="stmt" count="82"/>
        <line num="40" type="stmt" count="82"/>
        <line num="41" type="stmt" count="82"/>
        <line num="45" type="stmt" count="82"/>
        <line num="46" type="stmt" count="1"/>
        <line num="49" type="stmt" count="82"/>
        <line num="50" type="stmt" count="82"/>
        <line num="51" type="stmt" count="82"/>
        <line num="52" type="stmt" count="4"/>
        <line num="54" type="stmt" count="4"/>
        <line num="55" type="stmt" count="0"/>
        <line num="58" type="stmt" count="4"/>
        <line num="59" type="stmt" count="4"/>
        <line num="60" type="stmt" count="4"/>
        <line num="61" type="stmt" count="82"/>
        <line num="62" type="stmt" count="82"/>
        <metrics loc="65" ncloc="56" classes="1" methods="2" coveredmethods="1" conditionals="0" coveredconditionals="0" statements="24" coveredstatements="23" elements="26" coveredelements="24"/>
      </file>
      <file name="/home/jhonny/Proyectos/laravel/finanzas-personales-filament/app/Providers/AuthServiceProvider.php">
        <class name="App\Providers\AuthServiceProvider" namespace="App\Providers">
          <metrics complexity="1" methods="1" coveredmethods="1" conditionals="0" coveredconditionals="0" statements="1" coveredstatements="1" elements="2" coveredelements="2"/>
        </class>
        <line num="31" type="method" name="boot" visibility="public" complexity="1" crap="1" count="82"/>
        <line num="33" type="stmt" count="82"/>
        <metrics loc="37" ncloc="32" classes="1" methods="1" coveredmethods="1" conditionals="0" coveredconditionals="0" statements="1" coveredstatements="1" elements="2" coveredelements="2"/>
      </file>
    </package>
    <package name="App\Providers\Filament">
      <file name="/home/jhonny/Proyectos/laravel/finanzas-personales-filament/app/Providers/Filament/AdminPanelProvider.php">
        <class name="App\Providers\Filament\AdminPanelProvider" namespace="App\Providers\Filament">
          <metrics complexity="1" methods="1" coveredmethods="1" conditionals="0" coveredconditionals="0" statements="35" coveredstatements="35" elements="36" coveredelements="36"/>
        </class>
        <line num="27" type="method" name="panel" visibility="public" complexity="1" crap="1" count="82"/>
        <line num="29" type="stmt" count="82"/>
        <line num="30" type="stmt" count="82"/>
        <line num="31" type="stmt" count="82"/>
        <line num="32" type="stmt" count="82"/>
        <line num="33" type="stmt" count="82"/>
        <line num="34" type="stmt" count="82"/>
        <line num="35" type="stmt" count="82"/>
        <line num="36" type="stmt" count="82"/>
        <line num="37" type="stmt" count="82"/>
        <line num="38" type="stmt" count="82"/>
        <line num="39" type="stmt" count="82"/>
        <line num="40" type="stmt" count="82"/>
        <line num="41" type="stmt" count="82"/>
        <line num="42" type="stmt" count="82"/>
        <line num="43" type="stmt" count="82"/>
        <line num="44" type="stmt" count="82"/>
        <line num="45" type="stmt" count="82"/>
        <line num="46" type="stmt" count="82"/>
        <line num="47" type="stmt" count="82"/>
        <line num="48" type="stmt" count="82"/>
        <line num="49" type="stmt" count="82"/>
        <line num="50" type="stmt" count="82"/>
        <line num="51" type="stmt" count="82"/>
        <line num="52" type="stmt" count="82"/>
        <line num="53" type="stmt" count="82"/>
        <line num="54" type="stmt" count="82"/>
        <line num="55" type="stmt" count="82"/>
        <line num="56" type="stmt" count="82"/>
        <line num="57" type="stmt" count="82"/>
        <line num="58" type="stmt" count="82"/>
        <line num="59" type="stmt" count="82"/>
        <line num="60" type="stmt" count="82"/>
        <line num="61" type="stmt" count="82"/>
        <line num="62" type="stmt" count="82"/>
        <line num="63" type="stmt" count="82"/>
        <metrics loc="66" ncloc="66" classes="1" methods="1" coveredmethods="1" conditionals="0" coveredconditionals="0" statements="35" coveredstatements="35" elements="36" coveredelements="36"/>
      </file>
    </package>
    <package name="App\Services">
      <file name="/home/jhonny/Proyectos/laravel/finanzas-personales-filament/app/Services/CapitalSnapshotBackfillService.php">
        <class name="App\Services\CapitalSnapshotBackfillService" namespace="App\Services">
          <metrics complexity="2" methods="1" coveredmethods="1" conditionals="0" coveredconditionals="0" statements="23" coveredstatements="23" elements="24" coveredelements="24"/>
        </class>
        <line num="11" type="method" name="backfill" visibility="public" complexity="2" crap="2" count="2"/>
        <line num="13" type="stmt" count="2"/>
        <line num="15" type="stmt" count="2"/>
        <line num="16" type="stmt" count="2"/>
        <line num="17" type="stmt" count="2"/>
        <line num="18" type="stmt" count="2"/>
        <line num="19" type="stmt" count="2"/>
        <line num="20" type="stmt" count="2"/>
        <line num="21" type="stmt" count="1"/>
        <line num="22" type="stmt" count="1"/>
        <line num="23" type="stmt" count="1"/>
        <line num="25" type="stmt" count="1"/>
        <line num="26" type="stmt" count="1"/>
        <line num="29" type="stmt" count="1"/>
        <line num="30" type="stmt" count="1"/>
        <line num="31" type="stmt" count="1"/>
        <line num="33" type="stmt" count="1"/>
        <line num="34" type="stmt" count="1"/>
        <line num="35" type="stmt" count="1"/>
        <line num="36" type="stmt" count="1"/>
        <line num="37" type="stmt" count="1"/>
        <line num="38" type="stmt" count="1"/>
        <line num="39" type="stmt" count="1"/>
        <line num="40" type="stmt" count="2"/>
        <metrics loc="43" ncloc="43" classes="1" methods="1" coveredmethods="1" conditionals="0" coveredconditionals="0" statements="23" coveredstatements="23" elements="24" coveredelements="24"/>
      </file>
      <file name="/home/jhonny/Proyectos/laravel/finanzas-personales-filament/app/Services/CapitalSnapshotService.php">
        <class name="App\Services\CapitalSnapshotService" namespace="App\Services">
          <metrics complexity="1" methods="1" coveredmethods="1" conditionals="0" coveredconditionals="0" statements="8" coveredstatements="8" elements="9" coveredelements="9"/>
        </class>
        <line num="12" type="method" name="captureForUser" visibility="public" complexity="1" crap="1" count="1"/>
        <line num="14" type="stmt" count="1"/>
        <line num="15" type="stmt" count="1"/>
        <line num="16" type="stmt" count="1"/>
        <line num="18" type="stmt" count="1"/>
        <line num="19" type="stmt" count="1"/>
        <line num="20" type="stmt" count="1"/>
        <line num="21" type="stmt" count="1"/>
        <line num="22" type="stmt" count="1"/>
        <metrics loc="25" ncloc="25" classes="1" methods="1" coveredmethods="1" conditionals="0" coveredconditionals="0" statements="8" coveredstatements="8" elements="9" coveredelements="9"/>
      </file>
    </package>
    <package name="App\Services\TransactionImport">
      <file name="/home/jhonny/Proyectos/laravel/finanzas-personales-filament/app/Services/TransactionImport/PersonalTransactionsJsonImporter.php">
        <class name="App\Services\TransactionImport\PersonalTransactionsJsonImporter" namespace="App\Services\TransactionImport">
          <metrics complexity="27" methods="5" coveredmethods="2" conditionals="0" coveredconditionals="0" statements="63" coveredstatements="58" elements="68" coveredelements="60"/>
        </class>
        <line num="19" type="method" name="import" visibility="public" complexity="8" crap="8.04" count="8"/>
        <line num="21" type="stmt" count="8"/>
        <line num="22" type="stmt" count="1"/>
        <line num="25" type="stmt" count="7"/>
        <line num="29" type="stmt" count="7"/>
        <line num="30" type="stmt" count="1"/>
        <line num="31" type="stmt" count="1"/>
        <line num="34" type="stmt" count="6"/>
        <line num="35" type="stmt" count="1"/>
        <line num="38" type="stmt" count="5"/>
        <line num="39" type="stmt" count="5"/>
        <line num="40" type="stmt" count="0"/>
        <line num="43" type="stmt" count="5"/>
        <line num="50" type="method" name="importRow" visibility="private" complexity="9" crap="9.21" count="5"/>
        <line num="52" type="stmt" count="5"/>
        <line num="53" type="stmt" count="5"/>
        <line num="54" type="stmt" count="1"/>
        <line num="58" type="stmt" count="4"/>
        <line num="60" type="stmt" count="4"/>
        <line num="61" type="stmt" count="0"/>
        <line num="64" type="stmt" count="4"/>
        <line num="66" type="stmt" count="4"/>
        <line num="67" type="stmt" count="0"/>
        <line num="70" type="stmt" count="4"/>
        <line num="72" type="stmt" count="4"/>
        <line num="73" type="stmt" count="4"/>
        <line num="74" type="stmt" count="0"/>
        <line num="77" type="stmt" count="4"/>
        <line num="80" type="stmt" count="4"/>
        <line num="81" type="stmt" count="4"/>
        <line num="82" type="stmt" count="4"/>
        <line num="84" type="stmt" count="4"/>
        <line num="86" type="stmt" count="4"/>
        <line num="88" type="stmt" count="4"/>
        <line num="89" type="stmt" count="4"/>
        <line num="92" type="stmt" count="4"/>
        <line num="95" type="method" name="findOrCreateTransaction" visibility="private" complexity="3" crap="3" count="4"/>
        <line num="97" type="stmt" count="4"/>
        <line num="98" type="stmt" count="4"/>
        <line num="99" type="stmt" count="4"/>
        <line num="100" type="stmt" count="4"/>
        <line num="101" type="stmt" count="4"/>
        <line num="102" type="stmt" count="4"/>
        <line num="104" type="stmt" count="4"/>
        <line num="105" type="stmt" count="2"/>
        <line num="106" type="stmt" count="2"/>
        <line num="110" type="stmt" count="4"/>
        <line num="111" type="stmt" count="4"/>
        <line num="112" type="stmt" count="4"/>
        <line num="113" type="stmt" count="4"/>
        <line num="114" type="stmt" count="4"/>
        <line num="115" type="stmt" count="4"/>
        <line num="116" type="stmt" count="4"/>
        <line num="119" type="method" name="normalizeAmount" visibility="private" complexity="5" crap="5.20" count="4"/>
        <line num="121" type="stmt" count="4"/>
        <line num="122" type="stmt" count="4"/>
        <line num="125" type="stmt" count="2"/>
        <line num="126" type="stmt" count="2"/>
        <line num="129" type="stmt" count="0"/>
        <line num="132" type="method" name="resolveOrCreateTag" visibility="private" complexity="2" crap="2" count="4"/>
        <line num="134" type="stmt" count="4"/>
        <line num="136" type="stmt" count="4"/>
        <line num="137" type="stmt" count="4"/>
        <line num="140" type="stmt" count="4"/>
        <line num="141" type="stmt" count="4"/>
        <line num="142" type="stmt" count="4"/>
        <line num="143" type="stmt" count="4"/>
        <line num="144" type="stmt" count="4"/>
        <metrics loc="147" ncloc="143" classes="1" methods="5" coveredmethods="2" conditionals="0" coveredconditionals="0" statements="63" coveredstatements="58" elements="68" coveredelements="60"/>
      </file>
    </package>
    <package name="App\Support">
      <file name="/home/jhonny/Proyectos/laravel/finanzas-personales-filament/app/Support/CapitalAmountDisplay.php">
        <class name="App\Support\CapitalAmountDisplay" namespace="App\Support">
          <metrics complexity="3" methods="2" coveredmethods="2" conditionals="0" coveredconditionals="0" statements="6" coveredstatements="6" elements="8" coveredelements="8"/>
        </class>
        <line num="13" type="method" name="format" visibility="public" complexity="2" crap="2" count="6"/>
        <line num="15" type="stmt" count="6"/>
        <line num="16" type="stmt" count="4"/>
        <line num="19" type="stmt" count="4"/>
        <line num="21" type="stmt" count="4"/>
        <line num="24" type="method" name="formatUsingSession" visibility="public" complexity="1" crap="1" count="1"/>
        <line num="26" type="stmt" count="1"/>
        <line num="28" type="stmt" count="1"/>
        <metrics loc="31" ncloc="31" classes="1" methods="2" coveredmethods="2" conditionals="0" coveredconditionals="0" statements="6" coveredstatements="6" elements="8" coveredelements="8"/>
      </file>
    </package>
    <metrics files="39" loc="2724" ncloc="2583" classes="37" methods="138" coveredmethods="75" conditionals="0" coveredconditionals="0" statements="1107" coveredstatements="491" elements="1245" coveredelements="566"/>
  </project>
</coverage>
