<?xml version="1.0" encoding="UTF-8"?>
<testsuites>
  <testsuite name="/home/jhonny/Proyectos/laravel/finanzas-personales-filament/phpunit.xml" tests="97" assertions="164" errors="0" failures="0" skipped="2" time="10.764917">
    <testsuite name="Unit" tests="25" assertions="63" errors="0" failures="0" skipped="0" time="1.634754">
      <testsuite name="Tests\Unit\Enums\TagColorTest" file="/home/jhonny/Proyectos/laravel/finanzas-personales-filament/tests/Unit/Enums/TagColorTest.php" tests="3" assertions="29" errors="0" failures="0" skipped="0" time="0.057855">
        <testcase name="test_labels_are_correct" file="/home/jhonny/Proyectos/laravel/finanzas-personales-filament/tests/Unit/Enums/TagColorTest.php" line="12" class="Tests\Unit\Enums\TagColorTest" classname="Tests.Unit.Enums.TagColorTest" assertions="14" time="0.049575"/>
        <testcase name="test_color_matches_value" file="/home/jhonny/Proyectos/laravel/finanzas-personales-filament/tests/Unit/Enums/TagColorTest.php" line="30" class="Tests\Unit\Enums\TagColorTest" classname="Tests.Unit.Enums.TagColorTest" assertions="14" time="0.002084"/>
        <testcase name="test_options_returns_all_cases" file="/home/jhonny/Proyectos/laravel/finanzas-personales-filament/tests/Unit/Enums/TagColorTest.php" line="37" class="Tests\Unit\Enums\TagColorTest" classname="Tests.Unit.Enums.TagColorTest" assertions="1" time="0.006196"/>
      </testsuite>
      <testsuite name="Tests\Unit\Enums\TransactionTypeTest" file="/home/jhonny/Proyectos/laravel/finanzas-personales-filament/tests/Unit/Enums/TransactionTypeTest.php" tests="9" assertions="10" errors="0" failures="0" skipped="0" time="0.048039">
        <testcase name="test_income_has_correct_label" file="/home/jhonny/Proyectos/laravel/finanzas-personales-filament/tests/Unit/Enums/TransactionTypeTest.php" line="12" class="Tests\Unit\Enums\TransactionTypeTest" classname="Tests.Unit.Enums.TransactionTypeTest" assertions="1" time="0.031465"/>
        <testcase name="test_expense_has_correct_label" file="/home/jhonny/Proyectos/laravel/finanzas-personales-filament/tests/Unit/Enums/TransactionTypeTest.php" line="17" class="Tests\Unit\Enums\TransactionTypeTest" classname="Tests.Unit.Enums.TransactionTypeTest" assertions="1" time="0.002086"/>
        <testcase name="test_income_has_success_color" file="/home/jhonny/Proyectos/laravel/finanzas-personales-filament/tests/Unit/Enums/TransactionTypeTest.php" line="22" class="Tests\Unit\Enums\TransactionTypeTest" classname="Tests.Unit.Enums.TransactionTypeTest" assertions="1" time="0.002727"/>
        <testcase name="test_expense_has_danger_color" file="/home/jhonny/Proyectos/laravel/finanzas-personales-filament/tests/Unit/Enums/TransactionTypeTest.php" line="27" class="Tests\Unit\Enums\TransactionTypeTest" classname="Tests.Unit.Enums.TransactionTypeTest" assertions="1" time="0.001949"/>
        <testcase name="test_income_has_trending_up_icon" file="/home/jhonny/Proyectos/laravel/finanzas-personales-filament/tests/Unit/Enums/TransactionTypeTest.php" line="32" class="Tests\Unit\Enums\TransactionTypeTest" classname="Tests.Unit.Enums.TransactionTypeTest" assertions="1" time="0.002065"/>
        <testcase name="test_expense_has_trending_down_icon" file="/home/jhonny/Proyectos/laravel/finanzas-personales-filament/tests/Unit/Enums/TransactionTypeTest.php" line="37" class="Tests\Unit\Enums\TransactionTypeTest" classname="Tests.Unit.Enums.TransactionTypeTest" assertions="1" time="0.001801"/>
        <testcase name="test_options_returns_all_cases" file="/home/jhonny/Proyectos/laravel/finanzas-personales-filament/tests/Unit/Enums/TransactionTypeTest.php" line="42" class="Tests\Unit\Enums\TransactionTypeTest" classname="Tests.Unit.Enums.TransactionTypeTest" assertions="1" time="0.001962"/>
        <testcase name="test_can_create_from_value" file="/home/jhonny/Proyectos/laravel/finanzas-personales-filament/tests/Unit/Enums/TransactionTypeTest.php" line="52" class="Tests\Unit\Enums\TransactionTypeTest" classname="Tests.Unit.Enums.TransactionTypeTest" assertions="2" time="0.001933"/>
        <testcase name="test_try_from_invalid_value_returns_null" file="/home/jhonny/Proyectos/laravel/finanzas-personales-filament/tests/Unit/Enums/TransactionTypeTest.php" line="58" class="Tests\Unit\Enums\TransactionTypeTest" classname="Tests.Unit.Enums.TransactionTypeTest" assertions="1" time="0.002052"/>
      </testsuite>
      <testsuite name="Tests\Unit\ExampleTest" file="/home/jhonny/Proyectos/laravel/finanzas-personales-filament/tests/Unit/ExampleTest.php" tests="1" assertions="1" errors="0" failures="0" skipped="0" time="0.021055">
        <testcase name="test_that_true_is_true" file="/home/jhonny/Proyectos/laravel/finanzas-personales-filament/tests/Unit/ExampleTest.php" line="12" class="Tests\Unit\ExampleTest" classname="Tests.Unit.ExampleTest" assertions="1" time="0.021055"/>
      </testsuite>
      <testsuite name="Tests\Unit\Models\UserFilamentAccessTest" file="/home/jhonny/Proyectos/laravel/finanzas-personales-filament/tests/Unit/Models/UserFilamentAccessTest.php" tests="2" assertions="2" errors="0" failures="0" skipped="0" time="0.750323">
        <testcase name="test_can_access_panel_when_not_blocked" file="/home/jhonny/Proyectos/laravel/finanzas-personales-filament/tests/Unit/Models/UserFilamentAccessTest.php" line="16" class="Tests\Unit\Models\UserFilamentAccessTest" classname="Tests.Unit.Models.UserFilamentAccessTest" assertions="1" time="0.693976"/>
        <testcase name="test_cannot_access_panel_when_blocked" file="/home/jhonny/Proyectos/laravel/finanzas-personales-filament/tests/Unit/Models/UserFilamentAccessTest.php" line="24" class="Tests\Unit\Models\UserFilamentAccessTest" classname="Tests.Unit.Models.UserFilamentAccessTest" assertions="1" time="0.056347"/>
      </testsuite>
      <testsuite name="Tests\Unit\Services\TransactionImport\PersonalTransactionsJsonImporterTest" file="/home/jhonny/Proyectos/laravel/finanzas-personales-filament/tests/Unit/Services/TransactionImport/PersonalTransactionsJsonImporterTest.php" tests="6" assertions="13" errors="0" failures="0" skipped="0" time="0.515501">
        <testcase name="test_import_reuses_global_tag_and_creates_user_tag_when_missing" file="/home/jhonny/Proyectos/laravel/finanzas-personales-filament/tests/Unit/Services/TransactionImport/PersonalTransactionsJsonImporterTest.php" line="25" class="Tests\Unit\Services\TransactionImport\PersonalTransactionsJsonImporterTest" classname="Tests.Unit.Services.TransactionImport.PersonalTransactionsJsonImporterTest" assertions="3" time="0.140011"/>
        <testcase name="test_import_is_idempotent" file="/home/jhonny/Proyectos/laravel/finanzas-personales-filament/tests/Unit/Services/TransactionImport/PersonalTransactionsJsonImporterTest.php" line="50" class="Tests\Unit\Services\TransactionImport\PersonalTransactionsJsonImporterTest" classname="Tests.Unit.Services.TransactionImport.PersonalTransactionsJsonImporterTest" assertions="2" time="0.125364"/>
        <testcase name="test_throws_when_file_missing" file="/home/jhonny/Proyectos/laravel/finanzas-personales-filament/tests/Unit/Services/TransactionImport/PersonalTransactionsJsonImporterTest.php" line="66" class="Tests\Unit\Services\TransactionImport\PersonalTransactionsJsonImporterTest" classname="Tests.Unit.Services.TransactionImport.PersonalTransactionsJsonImporterTest" assertions="2" time="0.056024"/>
        <testcase name="test_throws_when_json_invalid" file="/home/jhonny/Proyectos/laravel/finanzas-personales-filament/tests/Unit/Services/TransactionImport/PersonalTransactionsJsonImporterTest.php" line="77" class="Tests\Unit\Services\TransactionImport\PersonalTransactionsJsonImporterTest" classname="Tests.Unit.Services.TransactionImport.PersonalTransactionsJsonImporterTest" assertions="2" time="0.055962"/>
        <testcase name="test_throws_when_transactions_key_missing" file="/home/jhonny/Proyectos/laravel/finanzas-personales-filament/tests/Unit/Services/TransactionImport/PersonalTransactionsJsonImporterTest.php" line="99" class="Tests\Unit\Services\TransactionImport\PersonalTransactionsJsonImporterTest" classname="Tests.Unit.Services.TransactionImport.PersonalTransactionsJsonImporterTest" assertions="2" time="0.077487"/>
        <testcase name="test_throws_when_row_missing_required_field" file="/home/jhonny/Proyectos/laravel/finanzas-personales-filament/tests/Unit/Services/TransactionImport/PersonalTransactionsJsonImporterTest.php" line="121" class="Tests\Unit\Services\TransactionImport\PersonalTransactionsJsonImporterTest" classname="Tests.Unit.Services.TransactionImport.PersonalTransactionsJsonImporterTest" assertions="2" time="0.060653"/>
      </testsuite>
      <testsuite name="Tests\Unit\Support\CapitalAmountDisplayTest" file="/home/jhonny/Proyectos/laravel/finanzas-personales-filament/tests/Unit/Support/CapitalAmountDisplayTest.php" tests="4" assertions="8" errors="0" failures="0" skipped="0" time="0.241983">
        <testcase name="test_format_shows_currency_when_visible" file="/home/jhonny/Proyectos/laravel/finanzas-personales-filament/tests/Unit/Support/CapitalAmountDisplayTest.php" line="16" class="Tests\Unit\Support\CapitalAmountDisplayTest" classname="Tests.Unit.Support.CapitalAmountDisplayTest" assertions="1" time="0.075449"/>
        <testcase name="test_format_masks_when_not_visible" file="/home/jhonny/Proyectos/laravel/finanzas-personales-filament/tests/Unit/Support/CapitalAmountDisplayTest.php" line="21" class="Tests\Unit\Support\CapitalAmountDisplayTest" classname="Tests.Unit.Support.CapitalAmountDisplayTest" assertions="3" time="0.059796"/>
        <testcase name="test_format_uses_minimum_mask_length_for_small_amounts" file="/home/jhonny/Proyectos/laravel/finanzas-personales-filament/tests/Unit/Support/CapitalAmountDisplayTest.php" line="30" class="Tests\Unit\Support\CapitalAmountDisplayTest" classname="Tests.Unit.Support.CapitalAmountDisplayTest" assertions="2" time="0.053386"/>
        <testcase name="test_format_using_session_reflects_session_flag" file="/home/jhonny/Proyectos/laravel/finanzas-personales-filament/tests/Unit/Support/CapitalAmountDisplayTest.php" line="38" class="Tests\Unit\Support\CapitalAmountDisplayTest" classname="Tests.Unit.Support.CapitalAmountDisplayTest" assertions="2" time="0.053352"/>
      </testsuite>
    </testsuite>
    <testsuite name="Feature" tests="72" assertions="101" errors="0" failures="0" skipped="2" time="9.130162">
      <testsuite name="Tests\Feature\ExampleTest" file="/home/jhonny/Proyectos/laravel/finanzas-personales-filament/tests/Feature/ExampleTest.php" tests="1" assertions="1" errors="0" failures="0" skipped="0" time="0.156799">
        <testcase name="test_the_application_returns_a_successful_response" file="/home/jhonny/Proyectos/laravel/finanzas-personales-filament/tests/Feature/ExampleTest.php" line="13" class="Tests\Feature\ExampleTest" classname="Tests.Feature.ExampleTest" assertions="1" time="0.156799"/>
      </testsuite>
      <testsuite name="Tests\Feature\Filament\CapitalTotalWidgetTest" file="/home/jhonny/Proyectos/laravel/finanzas-personales-filament/tests/Feature/Filament/CapitalTotalWidgetTest.php" tests="2" assertions="4" errors="0" failures="0" skipped="0" time="0.317738">
        <testcase name="test_toggle_updates_session_and_dispatches_event" file="/home/jhonny/Proyectos/laravel/finanzas-personales-filament/tests/Feature/Filament/CapitalTotalWidgetTest.php" line="19" class="Tests\Feature\Filament\CapitalTotalWidgetTest" classname="Tests.Feature.Filament.CapitalTotalWidgetTest" assertions="2" time="0.168719"/>
        <testcase name="test_total_updates_after_fund_origins_data_changed_event" file="/home/jhonny/Proyectos/laravel/finanzas-personales-filament/tests/Feature/Filament/CapitalTotalWidgetTest.php" line="33" class="Tests\Feature\Filament\CapitalTotalWidgetTest" classname="Tests.Feature.Filament.CapitalTotalWidgetTest" assertions="2" time="0.149019"/>
      </testsuite>
      <testsuite name="Tests\Feature\Filament\CapitalTrendChartWidgetTest" file="/home/jhonny/Proyectos/laravel/finanzas-personales-filament/tests/Feature/Filament/CapitalTrendChartWidgetTest.php" tests="3" assertions="4" errors="0" failures="0" skipped="0" time="0.388157">
        <testcase name="test_admin_cannot_view_widget_and_regular_user_can_view_it" file="/home/jhonny/Proyectos/laravel/finanzas-personales-filament/tests/Feature/Filament/CapitalTrendChartWidgetTest.php" line="19" class="Tests\Feature\Filament\CapitalTrendChartWidgetTest" classname="Tests.Feature.Filament.CapitalTrendChartWidgetTest" assertions="2" time="0.059181"/>
        <testcase name="test_daily_range_returns_last_value_per_day_for_authenticated_user" file="/home/jhonny/Proyectos/laravel/finanzas-personales-filament/tests/Feature/Filament/CapitalTrendChartWidgetTest.php" line="33" class="Tests\Feature\Filament\CapitalTrendChartWidgetTest" classname="Tests.Feature.Filament.CapitalTrendChartWidgetTest" assertions="1" time="0.171187"/>
        <testcase name="test_yearly_range_groups_values_by_year" file="/home/jhonny/Proyectos/laravel/finanzas-personales-filament/tests/Feature/Filament/CapitalTrendChartWidgetTest.php" line="74" class="Tests\Feature\Filament\CapitalTrendChartWidgetTest" classname="Tests.Feature.Filament.CapitalTrendChartWidgetTest" assertions="1" time="0.157789"/>
      </testsuite>
      <testsuite name="Tests\Feature\Filament\DashboardWidgetsTest" file="/home/jhonny/Proyectos/laravel/finanzas-personales-filament/tests/Feature/Filament/DashboardWidgetsTest.php" tests="3" assertions="6" errors="0" failures="0" skipped="0" time="0.195657">
        <testcase name="test_admin_cannot_view_transaction_widgets" file="/home/jhonny/Proyectos/laravel/finanzas-personales-filament/tests/Feature/Filament/DashboardWidgetsTest.php" line="18" class="Tests\Feature\Filament\DashboardWidgetsTest" classname="Tests.Feature.Filament.DashboardWidgetsTest" assertions="2" time="0.058884"/>
        <testcase name="test_regular_user_can_view_transaction_widgets" file="/home/jhonny/Proyectos/laravel/finanzas-personales-filament/tests/Feature/Filament/DashboardWidgetsTest.php" line="27" class="Tests\Feature\Filament\DashboardWidgetsTest" classname="Tests.Feature.Filament.DashboardWidgetsTest" assertions="2" time="0.053967"/>
        <testcase name="test_widgets_use_only_authenticated_users_transactions" file="/home/jhonny/Proyectos/laravel/finanzas-personales-filament/tests/Feature/Filament/DashboardWidgetsTest.php" line="36" class="Tests\Feature\Filament\DashboardWidgetsTest" classname="Tests.Feature.Filament.DashboardWidgetsTest" assertions="2" time="0.082807"/>
      </testsuite>
      <testsuite name="Tests\Feature\Filament\FundOriginResourceTest" file="/home/jhonny/Proyectos/laravel/finanzas-personales-filament/tests/Feature/Filament/FundOriginResourceTest.php" tests="3" assertions="4" errors="0" failures="0" skipped="0" time="0.197741">
        <testcase name="test_regular_user_sees_only_their_fund_origins_in_resource_query" file="/home/jhonny/Proyectos/laravel/finanzas-personales-filament/tests/Feature/Filament/FundOriginResourceTest.php" line="17" class="Tests\Feature\Filament\FundOriginResourceTest" classname="Tests.Feature.Filament.FundOriginResourceTest" assertions="1" time="0.075543"/>
        <testcase name="test_admin_sees_no_fund_origins_in_resource_query" file="/home/jhonny/Proyectos/laravel/finanzas-personales-filament/tests/Feature/Filament/FundOriginResourceTest.php" line="32" class="Tests\Feature\Filament\FundOriginResourceTest" classname="Tests.Feature.Filament.FundOriginResourceTest" assertions="1" time="0.065272"/>
        <testcase name="test_navigation_hidden_for_admin_and_visible_for_regular_user" file="/home/jhonny/Proyectos/laravel/finanzas-personales-filament/tests/Feature/Filament/FundOriginResourceTest.php" line="44" class="Tests\Feature\Filament\FundOriginResourceTest" classname="Tests.Feature.Filament.FundOriginResourceTest" assertions="2" time="0.056925"/>
      </testsuite>
      <testsuite name="Tests\Feature\Filament\ListTransactionsSelectedSumTest" file="/home/jhonny/Proyectos/laravel/finanzas-personales-filament/tests/Feature/Filament/ListTransactionsSelectedSumTest.php" tests="2" assertions="2" errors="0" failures="0" skipped="0" time="0.884957">
        <testcase name="test_sum_selected_transactions_returns_sum_for_owner_records_only" file="/home/jhonny/Proyectos/laravel/finanzas-personales-filament/tests/Feature/Filament/ListTransactionsSelectedSumTest.php" line="18" class="Tests\Feature\Filament\ListTransactionsSelectedSumTest" classname="Tests.Feature.Filament.ListTransactionsSelectedSumTest" assertions="1" time="0.472992"/>
        <testcase name="test_sum_selected_transactions_returns_zero_for_empty_ids" file="/home/jhonny/Proyectos/laravel/finanzas-personales-filament/tests/Feature/Filament/ListTransactionsSelectedSumTest.php" line="41" class="Tests\Feature\Filament\ListTransactionsSelectedSumTest" classname="Tests.Feature.Filament.ListTransactionsSelectedSumTest" assertions="1" time="0.411965"/>
      </testsuite>
      <testsuite name="Tests\Feature\Filament\TransactionResourceTest" file="/home/jhonny/Proyectos/laravel/finanzas-personales-filament/tests/Feature/Filament/TransactionResourceTest.php" tests="5" assertions="17" errors="0" failures="0" skipped="0" time="1.108627">
        <testcase name="test_regular_user_sees_only_their_transactions_in_resource_query" file="/home/jhonny/Proyectos/laravel/finanzas-personales-filament/tests/Feature/Filament/TransactionResourceTest.php" line="21" class="Tests\Feature\Filament\TransactionResourceTest" classname="Tests.Feature.Filament.TransactionResourceTest" assertions="1" time="0.073192"/>
        <testcase name="test_admin_sees_no_transactions_in_resource_query" file="/home/jhonny/Proyectos/laravel/finanzas-personales-filament/tests/Feature/Filament/TransactionResourceTest.php" line="36" class="Tests\Feature\Filament\TransactionResourceTest" classname="Tests.Feature.Filament.TransactionResourceTest" assertions="1" time="0.069930"/>
        <testcase name="test_navigation_hidden_for_admin_and_visible_for_regular_user" file="/home/jhonny/Proyectos/laravel/finanzas-personales-filament/tests/Feature/Filament/TransactionResourceTest.php" line="48" class="Tests\Feature\Filament\TransactionResourceTest" classname="Tests.Feature.Filament.TransactionResourceTest" assertions="2" time="0.063853"/>
        <testcase name="test_month_filter_includes_last_day_when_date_column_has_time_suffix" file="/home/jhonny/Proyectos/laravel/finanzas-personales-filament/tests/Feature/Filament/TransactionResourceTest.php" line="60" class="Tests\Feature\Filament\TransactionResourceTest" classname="Tests.Feature.Filament.TransactionResourceTest" assertions="2" time="0.081002"/>
        <testcase name="test_duplicate_table_action_creates_a_new_transaction_with_same_data_and_tags" file="/home/jhonny/Proyectos/laravel/finanzas-personales-filament/tests/Feature/Filament/TransactionResourceTest.php" line="90" class="Tests\Feature\Filament\TransactionResourceTest" classname="Tests.Feature.Filament.TransactionResourceTest" assertions="11" time="0.820649"/>
      </testsuite>
      <testsuite name="Tests\Feature\Filament\TransactionsEndToEndTest" file="/home/jhonny/Proyectos/laravel/finanzas-personales-filament/tests/Feature/Filament/TransactionsEndToEndTest.php" tests="2" assertions="1" errors="0" failures="0" skipped="1" time="0.220440">
        <testcase name="test_admin_cannot_access_transactions_index" file="/home/jhonny/Proyectos/laravel/finanzas-personales-filament/tests/Feature/Filament/TransactionsEndToEndTest.php" line="16" class="Tests\Feature\Filament\TransactionsEndToEndTest" classname="Tests.Feature.Filament.TransactionsEndToEndTest" assertions="1" time="0.166962"/>
        <testcase name="test_regular_user_sees_only_their_transactions_in_index" file="/home/jhonny/Proyectos/laravel/finanzas-personales-filament/tests/Feature/Filament/TransactionsEndToEndTest.php" line="27" class="Tests\Feature\Filament\TransactionsEndToEndTest" classname="Tests.Feature.Filament.TransactionsEndToEndTest" assertions="0" time="0.053478">
          <skipped/>
        </testcase>
      </testsuite>
      <testsuite name="Tests\Feature\Infrastructure\AppServiceProviderTest" file="/home/jhonny/Proyectos/laravel/finanzas-personales-filament/tests/Feature/Infrastructure/AppServiceProviderTest.php" tests="1" assertions="1" errors="0" failures="0" skipped="0" time="0.054909">
        <testcase name="test_force_scheme_https_when_app_url_is_https" file="/home/jhonny/Proyectos/laravel/finanzas-personales-filament/tests/Feature/Infrastructure/AppServiceProviderTest.php" line="14" class="Tests\Feature\Infrastructure\AppServiceProviderTest" classname="Tests.Feature.Infrastructure.AppServiceProviderTest" assertions="1" time="0.054909"/>
      </testsuite>
      <testsuite name="Tests\Feature\Middleware\CheckUserBlockedTest" file="/home/jhonny/Proyectos/laravel/finanzas-personales-filament/tests/Feature/Middleware/CheckUserBlockedTest.php" tests="2" assertions="4" errors="0" failures="0" skipped="1" time="0.429841">
        <testcase name="test_blocked_user_is_logged_out_and_redirected_to_login" file="/home/jhonny/Proyectos/laravel/finanzas-personales-filament/tests/Feature/Middleware/CheckUserBlockedTest.php" line="16" class="Tests\Feature\Middleware\CheckUserBlockedTest" classname="Tests.Feature.Middleware.CheckUserBlockedTest" assertions="0" time="0.053044">
          <skipped/>
        </testcase>
        <testcase name="test_non_blocked_user_is_not_redirected_by_middleware" file="/home/jhonny/Proyectos/laravel/finanzas-personales-filament/tests/Feature/Middleware/CheckUserBlockedTest.php" line="28" class="Tests\Feature\Middleware\CheckUserBlockedTest" classname="Tests.Feature.Middleware.CheckUserBlockedTest" assertions="4" time="0.376797"/>
      </testsuite>
      <testsuite name="Tests\Feature\Policies\FundOriginPolicyTest" file="/home/jhonny/Proyectos/laravel/finanzas-personales-filament/tests/Feature/Policies/FundOriginPolicyTest.php" tests="10" assertions="10" errors="0" failures="0" skipped="0" time="0.582673">
        <testcase name="test_regular_user_can_view_any_fund_origins" file="/home/jhonny/Proyectos/laravel/finanzas-personales-filament/tests/Feature/Policies/FundOriginPolicyTest.php" line="25" class="Tests\Feature\Policies\FundOriginPolicyTest" classname="Tests.Feature.Policies.FundOriginPolicyTest" assertions="1" time="0.058941"/>
        <testcase name="test_admin_cannot_view_any_fund_origins" file="/home/jhonny/Proyectos/laravel/finanzas-personales-filament/tests/Feature/Policies/FundOriginPolicyTest.php" line="32" class="Tests\Feature\Policies\FundOriginPolicyTest" classname="Tests.Feature.Policies.FundOriginPolicyTest" assertions="1" time="0.055743"/>
        <testcase name="test_owner_can_view_own_fund_origin" file="/home/jhonny/Proyectos/laravel/finanzas-personales-filament/tests/Feature/Policies/FundOriginPolicyTest.php" line="39" class="Tests\Feature\Policies\FundOriginPolicyTest" classname="Tests.Feature.Policies.FundOriginPolicyTest" assertions="1" time="0.057065"/>
        <testcase name="test_user_cannot_view_other_users_fund_origin" file="/home/jhonny/Proyectos/laravel/finanzas-personales-filament/tests/Feature/Policies/FundOriginPolicyTest.php" line="47" class="Tests\Feature\Policies\FundOriginPolicyTest" classname="Tests.Feature.Policies.FundOriginPolicyTest" assertions="1" time="0.064077"/>
        <testcase name="test_regular_user_can_create_fund_origins" file="/home/jhonny/Proyectos/laravel/finanzas-personales-filament/tests/Feature/Policies/FundOriginPolicyTest.php" line="56" class="Tests\Feature\Policies\FundOriginPolicyTest" classname="Tests.Feature.Policies.FundOriginPolicyTest" assertions="1" time="0.054695"/>
        <testcase name="test_admin_cannot_create_fund_origins" file="/home/jhonny/Proyectos/laravel/finanzas-personales-filament/tests/Feature/Policies/FundOriginPolicyTest.php" line="63" class="Tests\Feature\Policies\FundOriginPolicyTest" classname="Tests.Feature.Policies.FundOriginPolicyTest" assertions="1" time="0.052962"/>
        <testcase name="test_owner_can_update_own_fund_origin" file="/home/jhonny/Proyectos/laravel/finanzas-personales-filament/tests/Feature/Policies/FundOriginPolicyTest.php" line="70" class="Tests\Feature\Policies\FundOriginPolicyTest" classname="Tests.Feature.Policies.FundOriginPolicyTest" assertions="1" time="0.058991"/>
        <testcase name="test_user_cannot_update_other_users_fund_origin" file="/home/jhonny/Proyectos/laravel/finanzas-personales-filament/tests/Feature/Policies/FundOriginPolicyTest.php" line="78" class="Tests\Feature\Policies\FundOriginPolicyTest" classname="Tests.Feature.Policies.FundOriginPolicyTest" assertions="1" time="0.060392"/>
        <testcase name="test_owner_can_delete_own_fund_origin" file="/home/jhonny/Proyectos/laravel/finanzas-personales-filament/tests/Feature/Policies/FundOriginPolicyTest.php" line="87" class="Tests\Feature\Policies\FundOriginPolicyTest" classname="Tests.Feature.Policies.FundOriginPolicyTest" assertions="1" time="0.058233"/>
        <testcase name="test_user_cannot_delete_other_users_fund_origin" file="/home/jhonny/Proyectos/laravel/finanzas-personales-filament/tests/Feature/Policies/FundOriginPolicyTest.php" line="95" class="Tests\Feature\Policies\FundOriginPolicyTest" classname="Tests.Feature.Policies.FundOriginPolicyTest" assertions="1" time="0.061574"/>
      </testsuite>
      <testsuite name="Tests\Feature\Policies\TagPolicyTest" file="/home/jhonny/Proyectos/laravel/finanzas-personales-filament/tests/Feature/Policies/TagPolicyTest.php" tests="11" assertions="12" errors="0" failures="0" skipped="0" time="0.647840">
        <testcase name="test_anyone_can_view_any_tags" file="/home/jhonny/Proyectos/laravel/finanzas-personales-filament/tests/Feature/Policies/TagPolicyTest.php" line="25" class="Tests\Feature\Policies\TagPolicyTest" classname="Tests.Feature.Policies.TagPolicyTest" assertions="2" time="0.076931"/>
        <testcase name="test_admin_can_view_any_tag" file="/home/jhonny/Proyectos/laravel/finanzas-personales-filament/tests/Feature/Policies/TagPolicyTest.php" line="34" class="Tests\Feature\Policies\TagPolicyTest" classname="Tests.Feature.Policies.TagPolicyTest" assertions="1" time="0.057004"/>
        <testcase name="test_user_can_view_global_tag" file="/home/jhonny/Proyectos/laravel/finanzas-personales-filament/tests/Feature/Policies/TagPolicyTest.php" line="42" class="Tests\Feature\Policies\TagPolicyTest" classname="Tests.Feature.Policies.TagPolicyTest" assertions="1" time="0.055723"/>
        <testcase name="test_user_can_view_own_tag" file="/home/jhonny/Proyectos/laravel/finanzas-personales-filament/tests/Feature/Policies/TagPolicyTest.php" line="50" class="Tests\Feature\Policies\TagPolicyTest" classname="Tests.Feature.Policies.TagPolicyTest" assertions="1" time="0.061373"/>
        <testcase name="test_user_cannot_view_other_users_tag" file="/home/jhonny/Proyectos/laravel/finanzas-personales-filament/tests/Feature/Policies/TagPolicyTest.php" line="58" class="Tests\Feature\Policies\TagPolicyTest" classname="Tests.Feature.Policies.TagPolicyTest" assertions="1" time="0.058556"/>
        <testcase name="test_user_cannot_update_global_tag" file="/home/jhonny/Proyectos/laravel/finanzas-personales-filament/tests/Feature/Policies/TagPolicyTest.php" line="67" class="Tests\Feature\Policies\TagPolicyTest" classname="Tests.Feature.Policies.TagPolicyTest" assertions="1" time="0.059232"/>
        <testcase name="test_user_can_update_own_tag" file="/home/jhonny/Proyectos/laravel/finanzas-personales-filament/tests/Feature/Policies/TagPolicyTest.php" line="75" class="Tests\Feature\Policies\TagPolicyTest" classname="Tests.Feature.Policies.TagPolicyTest" assertions="1" time="0.055147"/>
        <testcase name="test_admin_can_update_any_tag" file="/home/jhonny/Proyectos/laravel/finanzas-personales-filament/tests/Feature/Policies/TagPolicyTest.php" line="83" class="Tests\Feature\Policies\TagPolicyTest" classname="Tests.Feature.Policies.TagPolicyTest" assertions="1" time="0.056449"/>
        <testcase name="test_user_cannot_delete_global_tag" file="/home/jhonny/Proyectos/laravel/finanzas-personales-filament/tests/Feature/Policies/TagPolicyTest.php" line="91" class="Tests\Feature\Policies\TagPolicyTest" classname="Tests.Feature.Policies.TagPolicyTest" assertions="1" time="0.057782"/>
        <testcase name="test_user_can_delete_own_tag" file="/home/jhonny/Proyectos/laravel/finanzas-personales-filament/tests/Feature/Policies/TagPolicyTest.php" line="99" class="Tests\Feature\Policies\TagPolicyTest" classname="Tests.Feature.Policies.TagPolicyTest" assertions="1" time="0.055120"/>
        <testcase name="test_admin_can_delete_any_tag" file="/home/jhonny/Proyectos/laravel/finanzas-personales-filament/tests/Feature/Policies/TagPolicyTest.php" line="107" class="Tests\Feature\Policies\TagPolicyTest" classname="Tests.Feature.Policies.TagPolicyTest" assertions="1" time="0.054521"/>
      </testsuite>
      <testsuite name="Tests\Feature\Policies\TransactionPolicyTest" file="/home/jhonny/Proyectos/laravel/finanzas-personales-filament/tests/Feature/Policies/TransactionPolicyTest.php" tests="11" assertions="11" errors="0" failures="0" skipped="0" time="0.641806">
        <testcase name="test_regular_user_can_view_any_transactions" file="/home/jhonny/Proyectos/laravel/finanzas-personales-filament/tests/Feature/Policies/TransactionPolicyTest.php" line="25" class="Tests\Feature\Policies\TransactionPolicyTest" classname="Tests.Feature.Policies.TransactionPolicyTest" assertions="1" time="0.074762"/>
        <testcase name="test_admin_cannot_view_any_transactions" file="/home/jhonny/Proyectos/laravel/finanzas-personales-filament/tests/Feature/Policies/TransactionPolicyTest.php" line="32" class="Tests\Feature\Policies\TransactionPolicyTest" classname="Tests.Feature.Policies.TransactionPolicyTest" assertions="1" time="0.053213"/>
        <testcase name="test_owner_can_view_own_transaction" file="/home/jhonny/Proyectos/laravel/finanzas-personales-filament/tests/Feature/Policies/TransactionPolicyTest.php" line="39" class="Tests\Feature\Policies\TransactionPolicyTest" classname="Tests.Feature.Policies.TransactionPolicyTest" assertions="1" time="0.056914"/>
        <testcase name="test_user_cannot_view_other_users_transaction" file="/home/jhonny/Proyectos/laravel/finanzas-personales-filament/tests/Feature/Policies/TransactionPolicyTest.php" line="47" class="Tests\Feature\Policies\TransactionPolicyTest" classname="Tests.Feature.Policies.TransactionPolicyTest" assertions="1" time="0.060873"/>
        <testcase name="test_admin_cannot_view_any_transaction" file="/home/jhonny/Proyectos/laravel/finanzas-personales-filament/tests/Feature/Policies/TransactionPolicyTest.php" line="56" class="Tests\Feature\Policies\TransactionPolicyTest" classname="Tests.Feature.Policies.TransactionPolicyTest" assertions="1" time="0.058265"/>
        <testcase name="test_regular_user_can_create_transactions" file="/home/jhonny/Proyectos/laravel/finanzas-personales-filament/tests/Feature/Policies/TransactionPolicyTest.php" line="64" class="Tests\Feature\Policies\TransactionPolicyTest" classname="Tests.Feature.Policies.TransactionPolicyTest" assertions="1" time="0.052482"/>
        <testcase name="test_admin_cannot_create_transactions" file="/home/jhonny/Proyectos/laravel/finanzas-personales-filament/tests/Feature/Policies/TransactionPolicyTest.php" line="71" class="Tests\Feature\Policies\TransactionPolicyTest" classname="Tests.Feature.Policies.TransactionPolicyTest" assertions="1" time="0.052148"/>
        <testcase name="test_owner_can_update_own_transaction" file="/home/jhonny/Proyectos/laravel/finanzas-personales-filament/tests/Feature/Policies/TransactionPolicyTest.php" line="78" class="Tests\Feature\Policies\TransactionPolicyTest" classname="Tests.Feature.Policies.TransactionPolicyTest" assertions="1" time="0.060388"/>
        <testcase name="test_user_cannot_update_other_users_transaction" file="/home/jhonny/Proyectos/laravel/finanzas-personales-filament/tests/Feature/Policies/TransactionPolicyTest.php" line="86" class="Tests\Feature\Policies\TransactionPolicyTest" classname="Tests.Feature.Policies.TransactionPolicyTest" assertions="1" time="0.057959"/>
        <testcase name="test_owner_can_delete_own_transaction" file="/home/jhonny/Proyectos/laravel/finanzas-personales-filament/tests/Feature/Policies/TransactionPolicyTest.php" line="95" class="Tests\Feature\Policies\TransactionPolicyTest" classname="Tests.Feature.Policies.TransactionPolicyTest" assertions="1" time="0.057805"/>
        <testcase name="test_user_cannot_delete_other_users_transaction" file="/home/jhonny/Proyectos/laravel/finanzas-personales-filament/tests/Feature/Policies/TransactionPolicyTest.php" line="103" class="Tests\Feature\Policies\TransactionPolicyTest" classname="Tests.Feature.Policies.TransactionPolicyTest" assertions="1" time="0.056997"/>
      </testsuite>
      <testsuite name="Tests\Feature\Policies\UserPolicyTest" file="/home/jhonny/Proyectos/laravel/finanzas-personales-filament/tests/Feature/Policies/UserPolicyTest.php" tests="9" assertions="9" errors="0" failures="0" skipped="0" time="0.510392">
        <testcase name="test_admin_can_view_any_users" file="/home/jhonny/Proyectos/laravel/finanzas-personales-filament/tests/Feature/Policies/UserPolicyTest.php" line="24" class="Tests\Feature\Policies\UserPolicyTest" classname="Tests.Feature.Policies.UserPolicyTest" assertions="1" time="0.073484"/>
        <testcase name="test_regular_user_cannot_view_any_users" file="/home/jhonny/Proyectos/laravel/finanzas-personales-filament/tests/Feature/Policies/UserPolicyTest.php" line="31" class="Tests\Feature\Policies\UserPolicyTest" classname="Tests.Feature.Policies.UserPolicyTest" assertions="1" time="0.053682"/>
        <testcase name="test_admin_can_create_users" file="/home/jhonny/Proyectos/laravel/finanzas-personales-filament/tests/Feature/Policies/UserPolicyTest.php" line="38" class="Tests\Feature\Policies\UserPolicyTest" classname="Tests.Feature.Policies.UserPolicyTest" assertions="1" time="0.054634"/>
        <testcase name="test_regular_user_cannot_create_users" file="/home/jhonny/Proyectos/laravel/finanzas-personales-filament/tests/Feature/Policies/UserPolicyTest.php" line="45" class="Tests\Feature\Policies\UserPolicyTest" classname="Tests.Feature.Policies.UserPolicyTest" assertions="1" time="0.055758"/>
        <testcase name="test_admin_can_update_users" file="/home/jhonny/Proyectos/laravel/finanzas-personales-filament/tests/Feature/Policies/UserPolicyTest.php" line="52" class="Tests\Feature\Policies\UserPolicyTest" classname="Tests.Feature.Policies.UserPolicyTest" assertions="1" time="0.054938"/>
        <testcase name="test_regular_user_cannot_update_users" file="/home/jhonny/Proyectos/laravel/finanzas-personales-filament/tests/Feature/Policies/UserPolicyTest.php" line="60" class="Tests\Feature\Policies\UserPolicyTest" classname="Tests.Feature.Policies.UserPolicyTest" assertions="1" time="0.054963"/>
        <testcase name="test_admin_can_delete_users" file="/home/jhonny/Proyectos/laravel/finanzas-personales-filament/tests/Feature/Policies/UserPolicyTest.php" line="68" class="Tests\Feature\Policies\UserPolicyTest" classname="Tests.Feature.Policies.UserPolicyTest" assertions="1" time="0.054849"/>
        <testcase name="test_admin_cannot_delete_themselves" file="/home/jhonny/Proyectos/laravel/finanzas-personales-filament/tests/Feature/Policies/UserPolicyTest.php" line="76" class="Tests\Feature\Policies\UserPolicyTest" classname="Tests.Feature.Policies.UserPolicyTest" assertions="1" time="0.052407"/>
        <testcase name="test_regular_user_cannot_delete_users" file="/home/jhonny/Proyectos/laravel/finanzas-personales-filament/tests/Feature/Policies/UserPolicyTest.php" line="83" class="Tests\Feature\Policies\UserPolicyTest" classname="Tests.Feature.Policies.UserPolicyTest" assertions="1" time="0.055676"/>
      </testsuite>
      <testsuite name="Tests\Feature\Seeders\PersonalTransactionsJsonSeederTest" file="/home/jhonny/Proyectos/laravel/finanzas-personales-filament/tests/Feature/Seeders/PersonalTransactionsJsonSeederTest.php" tests="2" assertions="3" errors="0" failures="0" skipped="0" time="2.243711">
        <testcase name="test_seeder_imports_full_json_for_test_user" file="/home/jhonny/Proyectos/laravel/finanzas-personales-filament/tests/Feature/Seeders/PersonalTransactionsJsonSeederTest.php" line="20" class="Tests\Feature\Seeders\PersonalTransactionsJsonSeederTest" classname="Tests.Feature.Seeders.PersonalTransactionsJsonSeederTest" assertions="1" time="1.396953"/>
        <testcase name="test_seeder_respects_transaction_import_user_email_config" file="/home/jhonny/Proyectos/laravel/finanzas-personales-filament/tests/Feature/Seeders/PersonalTransactionsJsonSeederTest.php" line="33" class="Tests\Feature\Seeders\PersonalTransactionsJsonSeederTest" classname="Tests.Feature.Seeders.PersonalTransactionsJsonSeederTest" assertions="2" time="0.846758"/>
      </testsuite>
      <testsuite name="Tests\Feature\Seeders\TestUserSeedersTest" file="/home/jhonny/Proyectos/laravel/finanzas-personales-filament/tests/Feature/Seeders/TestUserSeedersTest.php" tests="3" assertions="5" errors="0" failures="0" skipped="0" time="0.404507">
        <testcase name="test_test_user_is_created_and_idempotent" file="/home/jhonny/Proyectos/laravel/finanzas-personales-filament/tests/Feature/Seeders/TestUserSeedersTest.php" line="20" class="Tests\Feature\Seeders\TestUserSeedersTest" classname="Tests.Feature.Seeders.TestUserSeedersTest" assertions="1" time="0.077117"/>
        <testcase name="test_test_user_transactions_are_seeded_only_once" file="/home/jhonny/Proyectos/laravel/finanzas-personales-filament/tests/Feature/Seeders/TestUserSeedersTest.php" line="34" class="Tests\Feature\Seeders\TestUserSeedersTest" classname="Tests.Feature.Seeders.TestUserSeedersTest" assertions="2" time="0.204869"/>
        <testcase name="test_test_user_capital_snapshots_are_seeded_only_once" file="/home/jhonny/Proyectos/laravel/finanzas-personales-filament/tests/Feature/Seeders/TestUserSeedersTest.php" line="52" class="Tests\Feature\Seeders\TestUserSeedersTest" classname="Tests.Feature.Seeders.TestUserSeedersTest" assertions="2" time="0.122521"/>
      </testsuite>
      <testsuite name="Tests\Feature\Services\CapitalSnapshotServiceTest" file="/home/jhonny/Proyectos/laravel/finanzas-personales-filament/tests/Feature/Services/CapitalSnapshotServiceTest.php" tests="2" assertions="7" errors="0" failures="0" skipped="0" time="0.144368">
        <testcase name="test_capture_for_user_creates_snapshot_with_current_total" file="/home/jhonny/Proyectos/laravel/finanzas-personales-filament/tests/Feature/Services/CapitalSnapshotServiceTest.php" line="19" class="Tests\Feature\Services\CapitalSnapshotServiceTest" classname="Tests.Feature.Services.CapitalSnapshotServiceTest" assertions="4" time="0.079452"/>
        <testcase name="test_backfill_creates_initial_snapshot_for_regular_users_and_is_idempotent" file="/home/jhonny/Proyectos/laravel/finanzas-personales-filament/tests/Feature/Services/CapitalSnapshotServiceTest.php" line="38" class="Tests\Feature\Services\CapitalSnapshotServiceTest" classname="Tests.Feature.Services.CapitalSnapshotServiceTest" assertions="3" time="0.064916"/>
      </testsuite>
    </testsuite>
  </testsuite>
</testsuites>
